TA67C 000:005.026   SEGGER J-Link V9.14a Log File
TA67C 000:005.227   DLL Compiled: Jan 28 2026 17:11:52
TA67C 000:005.247   Logging started @ 2026-05-07 07:50
TA67C 000:005.267   Process: C:\Users\jerry.chen\.eclipse\com.renesas.platform_1435879475\DebugComp\RA\e2-server-gdb.exe
TA67C 000:005.294 - 5.287ms 
TA67C 000:005.353 JLINK_GetDLLVersion()
TA67C 000:005.388 - 0.037ms returns 91401
TA67C 000:015.465 JLINK_OpenEx(...)
TA67C 000:032.886   Firmware: J-Link OB-RA4M2 compiled Dec 10 2025 15:52:53
TA67C 000:033.832   Firmware: J-Link OB-RA4M2 compiled Dec 10 2025 15:52:53
TA67C 000:048.390   Hardware: V1.00
TA67C 000:048.487   S/N: 1083110448
TA67C 000:048.516   OEM: SEGGER
TA67C 000:048.552   Feature(s): None
TA67C 000:049.667   Bootloader: 2021 May 14
TA67C 000:050.244   USB speed mode: Full speed (12 MBit/s)
TA67C 000:050.883   TELNET listener socket opened on port 19021
TA67C 000:051.213   WEBSRV WEBSRV_Init(): Starting webserver thread(s)
TA67C 000:051.760   WEBSRV Webserver running on local port 19080
TA67C 000:052.004   Looking for J-Link GUI Server exe at: C:\Users\jerry.chen\.eclipse\com.renesas.platform_1435879475\DebugComp\RA\ARM\Segger_v9.14.1\JLinkGUIServer.exe
TA67C 000:052.205   Looking for J-Link GUI Server exe at: C:\Program Files\SEGGER\JLink_V858\JLinkGUIServer.exe
TA67C 000:052.336   Forking J-Link GUI Server: C:\Program Files\SEGGER\JLink_V858\JLinkGUIServer.exe
TA67C 000:071.087   J-Link GUI Server info: "J-Link GUI server V7.98i "
TA67C 000:071.965 - 56.488ms returns "O.K."
TA67C 000:072.636 JLINK_TIF_Select(JLINKARM_TIF_SWD)
TA67C 000:074.006 - 1.369ms returns 0x00
TA67C 000:074.109 JLINK_ClrRESET()
TA67C 000:074.507 - 0.396ms 
TA67C 000:125.406 JLINK_SetSpeed(1500)
TA67C 000:125.885 - 0.496ms 
TA67C 000:125.949 JLINK_CORESIGHT_Configure(PerformTIFInit=0)
TA67C 000:126.383 - 0.439ms returns 0
TA67C 000:126.467 JLINK_CORESIGHT_ReadAPDPReg(DP reg 0x00)
TA67C 000:126.932   Value=0x6BA02477
TA67C 000:126.980 - 0.517ms returns 0
TA67C 000:127.007 JLINK_CORESIGHT_WriteAPDPReg(DP reg 0x00, 0x0000001F)
TA67C 000:127.218 - 0.211ms returns 0
TA67C 000:127.246 JLINK_CORESIGHT_ReadAPDPReg(DP reg 0x00)
TA67C 000:127.509   Value=0x6BA02477
TA67C 000:127.612 - 0.366ms returns 0
TA67C 000:127.655 JLINK_CORESIGHT_WriteAPDPReg(DP reg 0x02, 0x00000000)
TA67C 000:127.909 - 0.253ms returns 0
TA67C 000:127.994 JLINK_CORESIGHT_WriteAPDPReg(DP reg 0x01, 0x50000000)
TA67C 000:128.282 - 0.287ms returns 0
TA67C 000:128.376 JLINK_CORESIGHT_ReadAPDPReg(DP reg 0x01)
TA67C 000:128.745   Value=0xF0000040
TA67C 000:128.873 - 0.496ms returns 0
TA67C 000:128.897 JLINK_CORESIGHT_WriteAPDPReg(DP reg 0x00, 0x0000001F)
TA67C 000:129.138 - 0.240ms returns 0
TA67C 000:129.223 JLINK_CORESIGHT_ReadAPDPReg(DP reg 0x00)
TA67C 000:129.510   Value=0x6BA02477
TA67C 000:129.668 - 0.445ms returns 0
TA67C 000:129.714 JLINK_CORESIGHT_WriteAPDPReg(DP reg 0x01, 0x54000000)
TA67C 000:130.005 - 0.291ms returns 0
TA67C 000:130.075 JLINK_CORESIGHT_WriteAPDPReg(DP reg 0x01, 0x50000F00)
TA67C 000:130.315 - 0.240ms returns 0
TA67C 000:130.424 JLINK_CORESIGHT_WriteAPDPReg(DP reg 0x02, 0x01000000)
TA67C 000:130.714 - 0.289ms returns 0
TA67C 000:130.818 JLINK_CORESIGHT_WriteAPDPReg(AP reg 0x00, 0x80000002)
TA67C 000:131.059 - 0.241ms returns 0
TA67C 000:131.149 JLINK_CORESIGHT_WriteAPDPReg(AP reg 0x01, 0x80011100)
TA67C 000:131.428 - 0.279ms returns 0
TA67C 000:131.504 JLINK_CORESIGHT_WriteAPDPReg(AP reg 0x03, 0x000000A5)
TA67C 000:131.781 - 0.277ms returns 0
TA67C 000:131.846 JLINK_CORESIGHT_WriteAPDPReg(AP reg 0x00, 0x80000002)
TA67C 000:132.106 - 0.259ms returns 0
TA67C 000:132.192 JLINK_CORESIGHT_WriteAPDPReg(AP reg 0x01, 0x80011100)
TA67C 000:132.449 - 0.256ms returns 0
TA67C 000:132.528 JLINK_CORESIGHT_ReadAPDPReg(AP reg 0x03)
TA67C 000:132.878   Value=0x000000A5
TA67C 000:132.963 - 0.434ms returns 0
TA67C 000:133.004 JLINK_ClrTMS()
TA67C 000:133.142 - 0.136ms 
TA67C 000:138.385 JLINK_SetTCK()
TA67C 000:138.604 - 0.218ms returns 0
TA67C 000:144.367 JLINK_SetRESET()
TA67C 000:144.613 - 0.246ms 
TA67C 000:345.434 JLINK_CORESIGHT_WriteAPDPReg(AP reg 0x00, 0x80000002)
TA67C 000:345.788 - 0.355ms returns 0
TA67C 000:345.847 JLINK_CORESIGHT_WriteAPDPReg(AP reg 0x01, 0x80011100)
TA67C 000:346.040 - 0.193ms returns 0
TA67C 000:346.064 JLINK_CORESIGHT_ReadAPDPReg(AP reg 0x03)
TA67C 000:346.292   Value=0x00000000
TA67C 000:346.324 - 0.259ms returns 0
TA67C 000:346.346 JLINK_CORESIGHT_WriteAPDPReg(AP reg 0x00, 0x80000002)
TA67C 000:346.620 - 0.274ms returns 0
TA67C 000:346.649 JLINK_CORESIGHT_WriteAPDPReg(AP reg 0x01, 0x80011140)
TA67C 000:346.842 - 0.193ms returns 0
TA67C 000:346.867 JLINK_CORESIGHT_ReadAPDPReg(AP reg 0x03)
TA67C 000:347.118   Value=0x00000002
TA67C 000:347.146 - 0.279ms returns 0
TA67C 000:347.166 JLINK_CORESIGHT_WriteAPDPReg(AP reg 0x00, 0x80000002)
TA67C 000:347.342 - 0.175ms returns 0
TA67C 000:347.365 JLINK_CORESIGHT_WriteAPDPReg(AP reg 0x01, 0x80011120)
TA67C 000:347.622 - 0.256ms returns 0
TA67C 000:347.651 JLINK_CORESIGHT_WriteAPDPReg(AP reg 0x03, 0x00000055)
TA67C 000:347.885 - 0.232ms returns 0
TA67C 000:347.960 JLINK_CORESIGHT_WriteAPDPReg(AP reg 0x00, 0x80000002)
TA67C 000:348.162 - 0.202ms returns 0
TA67C 000:348.198 JLINK_CORESIGHT_WriteAPDPReg(AP reg 0x01, 0x80011140)
TA67C 000:348.404 - 0.205ms returns 0
TA67C 000:348.488 JLINK_CORESIGHT_ReadAPDPReg(AP reg 0x03)
TA67C 000:348.770   Value=0x00000000
TA67C 000:348.810 - 0.323ms returns 0
TA67C 000:348.831 JLINK_CORESIGHT_WriteAPDPReg(AP reg 0x00, 0x80000002)
TA67C 000:349.017 - 0.186ms returns 0
TA67C 000:349.040 JLINK_CORESIGHT_WriteAPDPReg(AP reg 0x01, 0x80011130)
TA67C 000:349.217 - 0.177ms returns 0
TA67C 000:349.240 JLINK_CORESIGHT_ReadAPDPReg(AP reg 0x03)
TA67C 000:349.468   Value=0x000000C6
TA67C 000:349.502 - 0.261ms returns 0
TA67C 000:350.286 JLINK_CORESIGHT_WriteAPDPReg(AP reg 0x00, 0x80000002)
TA67C 000:350.492 - 0.205ms returns 0
TA67C 000:350.523 JLINK_CORESIGHT_WriteAPDPReg(AP reg 0x01, 0x80011140)
TA67C 000:350.742 - 0.219ms returns 0
TA67C 000:350.774 JLINK_CORESIGHT_ReadAPDPReg(AP reg 0x03)
TA67C 000:351.016   Value=0x00000002
TA67C 000:351.045 - 0.271ms returns 0
TA67C 000:351.065 JLINK_CORESIGHT_WriteAPDPReg(AP reg 0x00, 0x80000002)
TA67C 000:351.244 - 0.179ms returns 0
TA67C 000:351.266 JLINK_CORESIGHT_WriteAPDPReg(AP reg 0x01, 0x80011120)
TA67C 000:351.443 - 0.177ms returns 0
TA67C 000:351.470 JLINK_CORESIGHT_WriteAPDPReg(AP reg 0x03, 0x3A010001)
TA67C 000:351.704 - 0.234ms returns 0
TA67C 000:351.726 JLINK_CORESIGHT_WriteAPDPReg(AP reg 0x00, 0x80000002)
TA67C 000:351.904 - 0.178ms returns 0
TA67C 000:351.926 JLINK_CORESIGHT_WriteAPDPReg(AP reg 0x01, 0x80011140)
TA67C 000:352.117 - 0.190ms returns 0
TA67C 000:352.140 JLINK_CORESIGHT_ReadAPDPReg(AP reg 0x03)
TA67C 000:352.370   Value=0x00000002
TA67C 000:352.407 - 0.267ms returns 0
TA67C 000:352.429 JLINK_CORESIGHT_WriteAPDPReg(AP reg 0x00, 0x80000002)
TA67C 000:352.621 - 0.192ms returns 0
TA67C 000:352.649 JLINK_CORESIGHT_WriteAPDPReg(AP reg 0x01, 0x80011120)
TA67C 000:352.841 - 0.192ms returns 0
TA67C 000:352.864 JLINK_CORESIGHT_WriteAPDPReg(AP reg 0x03, 0x000003C5)
TA67C 000:353.040 - 0.176ms returns 0
TA67C 000:353.063 JLINK_CORESIGHT_WriteAPDPReg(AP reg 0x00, 0x80000002)
TA67C 000:353.243 - 0.180ms returns 0
TA67C 000:353.265 JLINK_CORESIGHT_WriteAPDPReg(AP reg 0x01, 0x80011140)
TA67C 000:353.439 - 0.174ms returns 0
TA67C 000:353.469 JLINK_CORESIGHT_ReadAPDPReg(AP reg 0x03)
TA67C 000:353.753   Value=0x00000002
TA67C 000:353.790 - 0.321ms returns 0
TA67C 000:353.810 JLINK_CORESIGHT_ReadAPDPReg(AP reg 0x03)
TA67C 000:354.041   Value=0x00000002
TA67C 000:354.069 - 0.259ms returns 0
TA67C 000:354.088 JLINK_CORESIGHT_ReadAPDPReg(AP reg 0x03)
TA67C 000:354.316   Value=0x00000002
TA67C 000:354.345 - 0.256ms returns 0
TA67C 000:354.365 JLINK_CORESIGHT_ReadAPDPReg(AP reg 0x03)
TA67C 000:354.620   Value=0x00000002
TA67C 000:354.648 - 0.283ms returns 0
TA67C 000:354.668 JLINK_CORESIGHT_ReadAPDPReg(AP reg 0x03)
TA67C 000:354.892   Value=0x00000002
TA67C 000:354.920 - 0.252ms returns 0
TA67C 000:354.939 JLINK_CORESIGHT_ReadAPDPReg(AP reg 0x03)
TA67C 000:355.167   Value=0x00000002
TA67C 000:355.196 - 0.257ms returns 0
TA67C 000:355.216 JLINK_CORESIGHT_ReadAPDPReg(AP reg 0x03)
TA67C 000:355.444   Value=0x00000002
TA67C 000:355.476 - 0.260ms returns 0
TA67C 000:355.504 JLINK_CORESIGHT_ReadAPDPReg(AP reg 0x03)
TA67C 000:355.756   Value=0x00000002
TA67C 000:355.783 - 0.279ms returns 0
TA67C 000:355.808 JLINK_CORESIGHT_ReadAPDPReg(AP reg 0x03)
TA67C 000:356.042   Value=0x00000002
TA67C 000:356.070 - 0.262ms returns 0
TA67C 000:356.094 JLINK_CORESIGHT_ReadAPDPReg(AP reg 0x03)
TA67C 000:356.317   Value=0x00000000
TA67C 000:356.345 - 0.251ms returns 0
TA67C 000:356.369 JLINK_CORESIGHT_WriteAPDPReg(AP reg 0x00, 0x80000002)
TA67C 000:356.596 - 0.227ms returns 0
TA67C 000:356.629 JLINK_CORESIGHT_WriteAPDPReg(AP reg 0x01, 0x80011130)
TA67C 000:356.809 - 0.180ms returns 0
TA67C 000:356.836 JLINK_CORESIGHT_ReadAPDPReg(AP reg 0x03)
TA67C 000:357.063   Value=0x3A2A0081
TA67C 000:357.092 - 0.256ms returns 0
TA67C 000:357.115 JLINK_CORESIGHT_WriteAPDPReg(AP reg 0x00, 0x80000002)
TA67C 000:357.291 - 0.175ms returns 0
TA67C 000:357.316 JLINK_CORESIGHT_WriteAPDPReg(AP reg 0x01, 0x80011140)
TA67C 000:357.518 - 0.201ms returns 0
TA67C 000:357.551 JLINK_CORESIGHT_ReadAPDPReg(AP reg 0x03)
TA67C 000:357.792   Value=0x00000000
TA67C 000:357.822 - 0.271ms returns 0
TA67C 000:357.846 JLINK_CORESIGHT_WriteAPDPReg(AP reg 0x00, 0x80000002)
TA67C 000:358.042 - 0.196ms returns 0
TA67C 000:358.068 JLINK_CORESIGHT_WriteAPDPReg(AP reg 0x01, 0x80011130)
TA67C 000:358.266 - 0.198ms returns 0
TA67C 000:358.292 JLINK_CORESIGHT_ReadAPDPReg(AP reg 0x03)
TA67C 000:358.596   Value=0x808D5B00
TA67C 000:358.629 - 0.336ms returns 0
TA67C 000:358.653 JLINK_CORESIGHT_WriteAPDPReg(AP reg 0x00, 0x80000002)
TA67C 000:358.842 - 0.189ms returns 0
TA67C 000:358.868 JLINK_CORESIGHT_WriteAPDPReg(AP reg 0x01, 0x80011140)
TA67C 000:359.045 - 0.177ms returns 0
TA67C 000:359.071 JLINK_CORESIGHT_ReadAPDPReg(AP reg 0x03)
TA67C 000:359.316   Value=0x00000000
TA67C 000:359.345 - 0.273ms returns 0
TA67C 000:359.370 JLINK_CORESIGHT_WriteAPDPReg(AP reg 0x00, 0x80000002)
TA67C 000:359.595 - 0.225ms returns 0
TA67C 000:359.621 JLINK_CORESIGHT_WriteAPDPReg(AP reg 0x01, 0x80011130)
TA67C 000:359.825 - 0.203ms returns 0
TA67C 000:359.853 JLINK_CORESIGHT_ReadAPDPReg(AP reg 0x03)
TA67C 000:360.152   Value=0x0603030B
TA67C 000:360.181 - 0.328ms returns 0
TA67C 000:360.204 JLINK_CORESIGHT_WriteAPDPReg(AP reg 0x00, 0x80000002)
TA67C 000:360.414 - 0.208ms returns 0
TA67C 000:360.513 JLINK_CORESIGHT_WriteAPDPReg(AP reg 0x01, 0x80011140)
TA67C 000:360.744 - 0.232ms returns 0
TA67C 000:360.790 JLINK_CORESIGHT_ReadAPDPReg(AP reg 0x03)
TA67C 000:361.065   Value=0x00000000
TA67C 000:361.095 - 0.305ms returns 0
TA67C 000:361.120 JLINK_CORESIGHT_WriteAPDPReg(AP reg 0x00, 0x80000002)
TA67C 000:361.371 - 0.251ms returns 0
TA67C 000:361.400 JLINK_CORESIGHT_WriteAPDPReg(AP reg 0x01, 0x80011130)
TA67C 000:361.631 - 0.230ms returns 0
TA67C 000:361.730 JLINK_CORESIGHT_ReadAPDPReg(AP reg 0x03)
TA67C 000:362.030   Value=0x2E4B4E20
TA67C 000:362.119 - 0.389ms returns 0
TA67C 000:362.171 JLINK_CORESIGHT_WriteAPDPReg(AP reg 0x00, 0x80000002)
TA67C 000:362.410 - 0.239ms returns 0
TA67C 000:362.493 JLINK_CORESIGHT_WriteAPDPReg(AP reg 0x01, 0x80011140)
TA67C 000:362.747 - 0.255ms returns 0
TA67C 000:362.797 JLINK_CORESIGHT_ReadAPDPReg(AP reg 0x03)
TA67C 000:363.040   Value=0x00000000
TA67C 000:363.069 - 0.273ms returns 0
TA67C 000:363.094 JLINK_CORESIGHT_WriteAPDPReg(AP reg 0x00, 0x80000002)
TA67C 000:363.288 - 0.194ms returns 0
TA67C 000:363.315 JLINK_CORESIGHT_WriteAPDPReg(AP reg 0x01, 0x80011130)
TA67C 000:363.515 - 0.200ms returns 0
TA67C 000:363.548 JLINK_CORESIGHT_ReadAPDPReg(AP reg 0x03)
TA67C 000:363.819   Value=0x4E493892
TA67C 000:363.867 - 0.319ms returns 0
TA67C 000:363.896 JLINK_CORESIGHT_WriteAPDPReg(AP reg 0x00, 0x80000002)
TA67C 000:364.205 - 0.309ms returns 0
TA67C 000:364.232 JLINK_CORESIGHT_WriteAPDPReg(AP reg 0x01, 0x80011140)
TA67C 000:364.417 - 0.185ms returns 0
TA67C 000:364.452 JLINK_CORESIGHT_ReadAPDPReg(AP reg 0x03)
TA67C 000:364.753   Value=0x00000000
TA67C 000:364.782 - 0.330ms returns 0
TA67C 000:364.856 JLINK_CORESIGHT_WriteAPDPReg(AP reg 0x00, 0x80000002)
TA67C 000:365.049 - 0.192ms returns 0
TA67C 000:365.075 JLINK_CORESIGHT_WriteAPDPReg(AP reg 0x01, 0x80011130)
TA67C 000:365.267 - 0.191ms returns 0
TA67C 000:365.293 JLINK_CORESIGHT_ReadAPDPReg(AP reg 0x03)
TA67C 000:365.597   Value=0x34503036
TA67C 000:365.632 - 0.338ms returns 0
TA67C 000:365.656 JLINK_CORESIGHT_WriteAPDPReg(AP reg 0x00, 0x80000002)
TA67C 000:365.842 - 0.186ms returns 0
TA67C 000:365.869 JLINK_CORESIGHT_WriteAPDPReg(AP reg 0x01, 0x80011140)
TA67C 000:366.054 - 0.185ms returns 0
TA67C 000:366.079 JLINK_CORESIGHT_ReadAPDPReg(AP reg 0x03)
TA67C 000:366.402   Value=0x00000000
TA67C 000:366.437 - 0.358ms returns 0
TA67C 000:366.461 JLINK_CORESIGHT_WriteAPDPReg(AP reg 0x00, 0x80000002)
TA67C 000:366.703 - 0.242ms returns 0
TA67C 000:366.730 JLINK_CORESIGHT_WriteAPDPReg(AP reg 0x01, 0x80011130)
TA67C 000:366.905 - 0.175ms returns 0
TA67C 000:366.931 JLINK_CORESIGHT_ReadAPDPReg(AP reg 0x03)
TA67C 000:367.167   Value=0x5E142D36
TA67C 000:367.195 - 0.263ms returns 0
TA67C 000:367.219 JLINK_CORESIGHT_WriteAPDPReg(AP reg 0x00, 0x80000002)
TA67C 000:367.427 - 0.207ms returns 0
TA67C 000:367.513 JLINK_CORESIGHT_WriteAPDPReg(AP reg 0x01, 0x80011140)
TA67C 000:367.718 - 0.205ms returns 0
TA67C 000:367.760 JLINK_CORESIGHT_ReadAPDPReg(AP reg 0x03)
TA67C 000:368.042   Value=0x00000000
TA67C 000:368.078 - 0.318ms returns 0
TA67C 000:368.102 JLINK_CORESIGHT_WriteAPDPReg(AP reg 0x00, 0x80000002)
TA67C 000:368.277 - 0.175ms returns 0
TA67C 000:368.303 JLINK_CORESIGHT_WriteAPDPReg(AP reg 0x01, 0x80011130)
TA67C 000:368.503 - 0.199ms returns 0
TA67C 000:368.567 JLINK_CORESIGHT_ReadAPDPReg(AP reg 0x03)
TA67C 000:368.920   Value=0x46375286
TA67C 000:368.960 - 0.392ms returns 0
TA67C 000:368.994 JLINK_CORESIGHT_WriteAPDPReg(AP reg 0x00, 0x80000002)
TA67C 000:369.240 - 0.245ms returns 0
TA67C 000:369.317 JLINK_CORESIGHT_WriteAPDPReg(AP reg 0x01, 0x80011140)
TA67C 000:369.701 - 0.384ms returns 0
TA67C 000:369.736 JLINK_CORESIGHT_ReadAPDPReg(AP reg 0x03)
TA67C 000:369.966   Value=0x00000000
TA67C 000:370.006 - 0.269ms returns 0
TA67C 000:370.031 JLINK_CORESIGHT_WriteAPDPReg(AP reg 0x00, 0x80000002)
TA67C 000:370.213 - 0.182ms returns 0
TA67C 000:370.241 JLINK_CORESIGHT_WriteAPDPReg(AP reg 0x01, 0x80011130)
TA67C 000:370.474 - 0.233ms returns 0
TA67C 000:370.507 JLINK_CORESIGHT_ReadAPDPReg(AP reg 0x03)
TA67C 000:370.753   Value=0x31443841
TA67C 000:370.782 - 0.274ms returns 0
TA67C 000:370.806 JLINK_CORESIGHT_WriteAPDPReg(AP reg 0x00, 0x80000002)
TA67C 000:370.992 - 0.186ms returns 0
TA67C 000:371.019 JLINK_CORESIGHT_WriteAPDPReg(AP reg 0x01, 0x80011140)
TA67C 000:371.195 - 0.176ms returns 0
TA67C 000:371.222 JLINK_CORESIGHT_ReadAPDPReg(AP reg 0x03)
TA67C 000:371.598   Value=0x00000000
TA67C 000:371.635 - 0.412ms returns 0
TA67C 000:371.659 JLINK_CORESIGHT_WriteAPDPReg(AP reg 0x00, 0x80000002)
TA67C 000:371.842 - 0.182ms returns 0
TA67C 000:371.869 JLINK_CORESIGHT_WriteAPDPReg(AP reg 0x01, 0x80011130)
TA67C 000:372.045 - 0.176ms returns 0
TA67C 000:372.071 JLINK_CORESIGHT_ReadAPDPReg(AP reg 0x03)
TA67C 000:372.317   Value=0x43454842
TA67C 000:372.346 - 0.274ms returns 0
TA67C 000:372.371 JLINK_CORESIGHT_WriteAPDPReg(AP reg 0x00, 0x80000002)
TA67C 000:372.596 - 0.225ms returns 0
TA67C 000:372.638 JLINK_CORESIGHT_WriteAPDPReg(AP reg 0x01, 0x80011140)
TA67C 000:372.818 - 0.181ms returns 0
TA67C 000:372.853 JLINK_CORESIGHT_ReadAPDPReg(AP reg 0x03)
TA67C 000:373.152   Value=0x00000000
TA67C 000:373.180 - 0.326ms returns 0
TA67C 000:373.204 JLINK_CORESIGHT_WriteAPDPReg(AP reg 0x00, 0x80000002)
TA67C 000:373.410 - 0.205ms returns 0
TA67C 000:374.129 JLINK_CORESIGHT_WriteAPDPReg(AP reg 0x01, 0x80011130)
TA67C 000:374.377 - 0.249ms returns 0
TA67C 000:374.416 JLINK_CORESIGHT_ReadAPDPReg(AP reg 0x03)
TA67C 000:374.670   Value=0x20204442
TA67C 000:374.779 - 0.363ms returns 0
TA67C 000:374.799 JLINK_CORESIGHT_WriteAPDPReg(AP reg 0x00, 0x80000002)
TA67C 000:375.017 - 0.218ms returns 0
TA67C 000:375.040 JLINK_CORESIGHT_WriteAPDPReg(AP reg 0x01, 0x80011140)
TA67C 000:375.216 - 0.176ms returns 0
TA67C 000:375.239 JLINK_CORESIGHT_ReadAPDPReg(AP reg 0x03)
TA67C 000:375.468   Value=0x00000000
TA67C 000:375.501 - 0.262ms returns 0
TA67C 000:375.522 JLINK_CORESIGHT_WriteAPDPReg(AP reg 0x00, 0x80000002)
TA67C 000:375.717 - 0.195ms returns 0
TA67C 000:375.741 JLINK_CORESIGHT_WriteAPDPReg(AP reg 0x01, 0x80011130)
TA67C 000:375.955 - 0.214ms returns 0
TA67C 000:375.986 JLINK_CORESIGHT_ReadAPDPReg(AP reg 0x03)
TA67C 000:376.255   Value=0x0003DB20
TA67C 000:376.344 - 0.357ms returns 0
TA67C 000:377.240 JLINK_CORESIGHT_WriteAPDPReg(AP reg 0x00, 0x80000002)
TA67C 000:377.472 - 0.232ms returns 0
TA67C 000:377.502 JLINK_CORESIGHT_WriteAPDPReg(AP reg 0x01, 0x80011140)
TA67C 000:377.703 - 0.201ms returns 0
TA67C 000:377.730 JLINK_CORESIGHT_ReadAPDPReg(AP reg 0x03)
TA67C 000:377.981   Value=0x00000002
TA67C 000:378.010 - 0.280ms returns 0
TA67C 000:378.029 JLINK_CORESIGHT_WriteAPDPReg(AP reg 0x00, 0x80000002)
TA67C 000:378.217 - 0.187ms returns 0
TA67C 000:378.239 JLINK_CORESIGHT_WriteAPDPReg(AP reg 0x01, 0x80011120)
TA67C 000:378.430 - 0.191ms returns 0
TA67C 000:378.510 JLINK_CORESIGHT_WriteAPDPReg(AP reg 0x03, 0x2C010001)
TA67C 000:378.746 - 0.236ms returns 0
TA67C 000:378.776 JLINK_CORESIGHT_WriteAPDPReg(AP reg 0x00, 0x80000002)
TA67C 000:378.967 - 0.191ms returns 0
TA67C 000:378.990 JLINK_CORESIGHT_WriteAPDPReg(AP reg 0x01, 0x80011140)
TA67C 000:379.168 - 0.177ms returns 0
TA67C 000:379.190 JLINK_CORESIGHT_ReadAPDPReg(AP reg 0x03)
TA67C 000:379.443   Value=0x00000002
TA67C 000:379.476 - 0.285ms returns 0
TA67C 000:379.496 JLINK_CORESIGHT_WriteAPDPReg(AP reg 0x00, 0x80000002)
TA67C 000:379.703 - 0.207ms returns 0
TA67C 000:379.726 JLINK_CORESIGHT_WriteAPDPReg(AP reg 0x01, 0x80011120)
TA67C 000:379.903 - 0.177ms returns 0
TA67C 000:379.927 JLINK_CORESIGHT_WriteAPDPReg(AP reg 0x03, 0x000003D3)
TA67C 000:380.117 - 0.190ms returns 0
TA67C 000:380.139 JLINK_CORESIGHT_WriteAPDPReg(AP reg 0x00, 0x80000002)
TA67C 000:380.314 - 0.175ms returns 0
TA67C 000:380.337 JLINK_CORESIGHT_WriteAPDPReg(AP reg 0x01, 0x80011140)
TA67C 000:380.595 - 0.258ms returns 0
TA67C 000:380.623 JLINK_CORESIGHT_ReadAPDPReg(AP reg 0x03)
TA67C 000:380.853   Value=0x00000002
TA67C 000:380.883 - 0.260ms returns 0
TA67C 000:380.903 JLINK_CORESIGHT_ReadAPDPReg(AP reg 0x03)
TA67C 000:381.142   Value=0x00000002
TA67C 000:381.171 - 0.267ms returns 0
TA67C 000:381.190 JLINK_CORESIGHT_ReadAPDPReg(AP reg 0x03)
TA67C 000:381.419   Value=0x00000002
TA67C 000:381.451 - 0.261ms returns 0
TA67C 000:381.471 JLINK_CORESIGHT_ReadAPDPReg(AP reg 0x03)
TA67C 000:381.753   Value=0x00000002
TA67C 000:381.783 - 0.311ms returns 0
TA67C 000:381.802 JLINK_CORESIGHT_ReadAPDPReg(AP reg 0x03)
TA67C 000:382.043   Value=0x00000002
TA67C 000:382.072 - 0.270ms returns 0
TA67C 000:382.091 JLINK_CORESIGHT_ReadAPDPReg(AP reg 0x03)
TA67C 000:382.316   Value=0x00000002
TA67C 000:382.345 - 0.254ms returns 0
TA67C 000:382.365 JLINK_CORESIGHT_ReadAPDPReg(AP reg 0x03)
TA67C 000:382.620   Value=0x00000002
TA67C 000:382.650 - 0.285ms returns 0
TA67C 000:382.669 JLINK_CORESIGHT_ReadAPDPReg(AP reg 0x03)
TA67C 000:382.892   Value=0x00000002
TA67C 000:382.920 - 0.251ms returns 0
TA67C 000:382.939 JLINK_CORESIGHT_ReadAPDPReg(AP reg 0x03)
TA67C 000:383.167   Value=0x00000000
TA67C 000:383.195 - 0.255ms returns 0
TA67C 000:383.214 JLINK_CORESIGHT_WriteAPDPReg(AP reg 0x00, 0x80000002)
TA67C 000:383.415 - 0.200ms returns 0
TA67C 000:383.485 JLINK_CORESIGHT_WriteAPDPReg(AP reg 0x01, 0x80011130)
TA67C 000:383.698 - 0.213ms returns 0
TA67C 000:383.748 JLINK_CORESIGHT_ReadAPDPReg(AP reg 0x03)
TA67C 000:384.027   Value=0x2C020081
TA67C 000:384.065 - 0.317ms returns 0
TA67C 000:384.085 JLINK_CORESIGHT_WriteAPDPReg(AP reg 0x00, 0x80000002)
TA67C 000:384.267 - 0.181ms returns 0
TA67C 000:384.293 JLINK_CORESIGHT_WriteAPDPReg(AP reg 0x01, 0x80011140)
TA67C 000:384.493 - 0.200ms returns 0
TA67C 000:384.521 JLINK_CORESIGHT_ReadAPDPReg(AP reg 0x03)
TA67C 000:384.753   Value=0x00000000
TA67C 000:384.782 - 0.261ms returns 0
TA67C 000:384.802 JLINK_CORESIGHT_WriteAPDPReg(AP reg 0x00, 0x80000002)
TA67C 000:384.992 - 0.191ms returns 0
TA67C 000:385.015 JLINK_CORESIGHT_WriteAPDPReg(AP reg 0x01, 0x80011130)
TA67C 000:385.192 - 0.177ms returns 0
TA67C 000:385.214 JLINK_CORESIGHT_ReadAPDPReg(AP reg 0x03)
TA67C 000:385.612   Value=0x0003CE04
TA67C 000:385.675 - 0.461ms returns 0
TA67C 000:385.698 JLINK_CORESIGHT_WriteAPDPReg(AP reg 0x00, 0x80000002)
TA67C 000:385.892 - 0.194ms returns 0
TA67C 000:385.915 JLINK_CORESIGHT_WriteAPDPReg(AP reg 0x01, 0x80011140)
TA67C 000:386.092 - 0.177ms returns 0
TA67C 000:386.114 JLINK_CORESIGHT_ReadAPDPReg(AP reg 0x03)
TA67C 000:386.341   Value=0x00000002
TA67C 000:386.369 - 0.255ms returns 0
TA67C 000:386.389 JLINK_CORESIGHT_WriteAPDPReg(AP reg 0x00, 0x80000002)
TA67C 000:386.595 - 0.206ms returns 0
TA67C 000:386.617 JLINK_CORESIGHT_WriteAPDPReg(AP reg 0x01, 0x80011120)
TA67C 000:386.793 - 0.176ms returns 0
TA67C 000:386.815 JLINK_CORESIGHT_WriteAPDPReg(AP reg 0x03, 0x73010001)
TA67C 000:386.992 - 0.176ms returns 0
TA67C 000:387.014 JLINK_CORESIGHT_WriteAPDPReg(AP reg 0x00, 0x80000002)
TA67C 000:387.188 - 0.173ms returns 0
TA67C 000:387.210 JLINK_CORESIGHT_WriteAPDPReg(AP reg 0x01, 0x80011140)
TA67C 000:387.411 - 0.200ms returns 0
TA67C 000:387.487 JLINK_CORESIGHT_ReadAPDPReg(AP reg 0x03)
TA67C 000:387.769   Value=0x00000002
TA67C 000:387.805 - 0.318ms returns 0
TA67C 000:387.825 JLINK_CORESIGHT_WriteAPDPReg(AP reg 0x00, 0x80000002)
TA67C 000:388.017 - 0.192ms returns 0
TA67C 000:388.040 JLINK_CORESIGHT_WriteAPDPReg(AP reg 0x01, 0x80011120)
TA67C 000:388.216 - 0.176ms returns 0
TA67C 000:388.238 JLINK_CORESIGHT_WriteAPDPReg(AP reg 0x03, 0x0000038C)
TA67C 000:388.415 - 0.176ms returns 0
TA67C 000:388.441 JLINK_CORESIGHT_WriteAPDPReg(AP reg 0x00, 0x80000002)
TA67C 000:388.703 - 0.262ms returns 0
TA67C 000:388.726 JLINK_CORESIGHT_WriteAPDPReg(AP reg 0x01, 0x80011140)
TA67C 000:388.902 - 0.176ms returns 0
TA67C 000:388.924 JLINK_CORESIGHT_ReadAPDPReg(AP reg 0x03)
TA67C 000:389.166   Value=0x00000002
TA67C 000:389.194 - 0.270ms returns 0
TA67C 000:389.213 JLINK_CORESIGHT_ReadAPDPReg(AP reg 0x03)
TA67C 000:389.443   Value=0x00000002
TA67C 000:389.477 - 0.263ms returns 0
TA67C 000:389.497 JLINK_CORESIGHT_ReadAPDPReg(AP reg 0x03)
TA67C 000:389.753   Value=0x00000002
TA67C 000:389.781 - 0.284ms returns 0
TA67C 000:389.801 JLINK_CORESIGHT_ReadAPDPReg(AP reg 0x03)
TA67C 000:390.017   Value=0x00000002
TA67C 000:390.045 - 0.244ms returns 0
TA67C 000:390.065 JLINK_CORESIGHT_ReadAPDPReg(AP reg 0x03)
TA67C 000:390.292   Value=0x00000002
TA67C 000:390.320 - 0.255ms returns 0
TA67C 000:390.339 JLINK_CORESIGHT_ReadAPDPReg(AP reg 0x03)
TA67C 000:390.621   Value=0x00000000
TA67C 000:390.658 - 0.318ms returns 0
TA67C 000:390.679 JLINK_CORESIGHT_WriteAPDPReg(AP reg 0x00, 0x80000002)
TA67C 000:390.892 - 0.213ms returns 0
TA67C 000:390.925 JLINK_CORESIGHT_WriteAPDPReg(AP reg 0x01, 0x80011130)
TA67C 000:391.117 - 0.192ms returns 0
TA67C 000:391.139 JLINK_CORESIGHT_ReadAPDPReg(AP reg 0x03)
TA67C 000:391.368   Value=0x73020081
TA67C 000:391.396 - 0.256ms returns 0
TA67C 000:391.416 JLINK_CORESIGHT_WriteAPDPReg(AP reg 0x00, 0x80000002)
TA67C 000:391.596 - 0.180ms returns 0
TA67C 000:391.618 JLINK_CORESIGHT_WriteAPDPReg(AP reg 0x01, 0x80011140)
TA67C 000:391.793 - 0.175ms returns 0
TA67C 000:391.816 JLINK_CORESIGHT_ReadAPDPReg(AP reg 0x03)
TA67C 000:392.042   Value=0x00000000
TA67C 000:392.070 - 0.254ms returns 0
TA67C 000:392.089 JLINK_CORESIGHT_WriteAPDPReg(AP reg 0x00, 0x80000002)
TA67C 000:392.266 - 0.177ms returns 0
TA67C 000:392.289 JLINK_CORESIGHT_WriteAPDPReg(AP reg 0x01, 0x80011130)
TA67C 000:392.492 - 0.203ms returns 0
TA67C 000:392.519 JLINK_CORESIGHT_ReadAPDPReg(AP reg 0x03)
TA67C 000:392.753   Value=0x00038902
TA67C 000:392.786 - 0.267ms returns 0
TA67C 000:392.807 JLINK_CORESIGHT_WriteAPDPReg(AP reg 0x00, 0x80000002)
TA67C 000:392.993 - 0.186ms returns 0
TA67C 000:393.016 JLINK_CORESIGHT_WriteAPDPReg(AP reg 0x01, 0x80011140)
TA67C 000:393.193 - 0.176ms returns 0
TA67C 000:393.215 JLINK_CORESIGHT_ReadAPDPReg(AP reg 0x03)
TA67C 000:393.500   Value=0x00000002
TA67C 000:393.533 - 0.318ms returns 0
TA67C 000:393.553 JLINK_CORESIGHT_WriteAPDPReg(AP reg 0x00, 0x80000002)
TA67C 000:393.743 - 0.189ms returns 0
TA67C 000:393.765 JLINK_CORESIGHT_WriteAPDPReg(AP reg 0x01, 0x80011120)
TA67C 000:393.942 - 0.177ms returns 0
TA67C 000:393.965 JLINK_CORESIGHT_WriteAPDPReg(AP reg 0x03, 0x75010001)
TA67C 000:394.203 - 0.238ms returns 0
TA67C 000:394.225 JLINK_CORESIGHT_WriteAPDPReg(AP reg 0x00, 0x80000002)
TA67C 000:394.404 - 0.179ms returns 0
TA67C 000:394.432 JLINK_CORESIGHT_WriteAPDPReg(AP reg 0x01, 0x80011140)
TA67C 000:394.704 - 0.272ms returns 0
TA67C 000:394.736 JLINK_CORESIGHT_ReadAPDPReg(AP reg 0x03)
TA67C 000:394.978   Value=0x00000002
TA67C 000:395.017 - 0.280ms returns 0
TA67C 000:395.038 JLINK_CORESIGHT_WriteAPDPReg(AP reg 0x00, 0x80000002)
TA67C 000:395.221 - 0.183ms returns 0
TA67C 000:395.262 JLINK_CORESIGHT_WriteAPDPReg(AP reg 0x01, 0x80011120)
TA67C 000:395.479 - 0.216ms returns 0
TA67C 000:395.514 JLINK_CORESIGHT_WriteAPDPReg(AP reg 0x03, 0x0000038A)
TA67C 000:395.705 - 0.190ms returns 0
TA67C 000:395.728 JLINK_CORESIGHT_WriteAPDPReg(AP reg 0x00, 0x80000002)
TA67C 000:395.908 - 0.180ms returns 0
TA67C 000:395.932 JLINK_CORESIGHT_WriteAPDPReg(AP reg 0x01, 0x80011140)
TA67C 000:396.117 - 0.185ms returns 0
TA67C 000:396.140 JLINK_CORESIGHT_ReadAPDPReg(AP reg 0x03)
TA67C 000:396.374   Value=0x00000002
TA67C 000:396.412 - 0.272ms returns 0
TA67C 000:396.434 JLINK_CORESIGHT_ReadAPDPReg(AP reg 0x03)
TA67C 000:396.670   Value=0x00000002
TA67C 000:396.704 - 0.270ms returns 0
TA67C 000:396.724 JLINK_CORESIGHT_ReadAPDPReg(AP reg 0x03)
TA67C 000:396.941   Value=0x00000002
TA67C 000:396.969 - 0.245ms returns 0
TA67C 000:396.990 JLINK_CORESIGHT_ReadAPDPReg(AP reg 0x03)
TA67C 000:397.252   Value=0x00000002
TA67C 000:397.280 - 0.290ms returns 0
TA67C 000:397.299 JLINK_CORESIGHT_ReadAPDPReg(AP reg 0x03)
TA67C 000:397.519   Value=0x00000002
TA67C 000:397.552 - 0.253ms returns 0
TA67C 000:397.607 JLINK_CORESIGHT_ReadAPDPReg(AP reg 0x03)
TA67C 000:397.835   Value=0x00000002
TA67C 000:397.864 - 0.257ms returns 0
TA67C 000:397.883 JLINK_CORESIGHT_ReadAPDPReg(AP reg 0x03)
TA67C 000:398.108   Value=0x00000002
TA67C 000:398.136 - 0.253ms returns 0
TA67C 000:398.155 JLINK_CORESIGHT_ReadAPDPReg(AP reg 0x03)
TA67C 000:398.411   Value=0x00000002
TA67C 000:398.505 - 0.350ms returns 0
TA67C 000:398.549 JLINK_CORESIGHT_ReadAPDPReg(AP reg 0x03)
TA67C 000:398.820   Value=0x00000002
TA67C 000:398.856 - 0.306ms returns 0
TA67C 000:398.876 JLINK_CORESIGHT_ReadAPDPReg(AP reg 0x03)
TA67C 000:399.128   Value=0x00000002
TA67C 000:399.157 - 0.280ms returns 0
TA67C 000:399.176 JLINK_CORESIGHT_ReadAPDPReg(AP reg 0x03)
TA67C 000:399.401   Value=0x00000002
TA67C 000:399.434 - 0.258ms returns 0
TA67C 000:399.462 JLINK_CORESIGHT_ReadAPDPReg(AP reg 0x03)
TA67C 000:399.695   Value=0x00000000
TA67C 000:399.723 - 0.261ms returns 0
TA67C 000:399.748 JLINK_CORESIGHT_WriteAPDPReg(AP reg 0x00, 0x80000002)
TA67C 000:399.952 - 0.204ms returns 0
TA67C 000:399.978 JLINK_CORESIGHT_WriteAPDPReg(AP reg 0x01, 0x80011130)
TA67C 000:400.154 - 0.176ms returns 0
TA67C 000:400.180 JLINK_CORESIGHT_ReadAPDPReg(AP reg 0x03)
TA67C 000:400.418   Value=0x75020081
TA67C 000:400.455 - 0.275ms returns 0
TA67C 000:400.479 JLINK_CORESIGHT_WriteAPDPReg(AP reg 0x00, 0x80000002)
TA67C 000:400.703 - 0.225ms returns 0
TA67C 000:400.730 JLINK_CORESIGHT_WriteAPDPReg(AP reg 0x01, 0x80011140)
TA67C 000:400.907 - 0.178ms returns 0
TA67C 000:400.934 JLINK_CORESIGHT_ReadAPDPReg(AP reg 0x03)
TA67C 000:401.167   Value=0x00000000
TA67C 000:401.195 - 0.261ms returns 0
TA67C 000:401.218 JLINK_CORESIGHT_WriteAPDPReg(AP reg 0x00, 0x80000002)
TA67C 000:401.418 - 0.200ms returns 0
TA67C 000:401.453 JLINK_CORESIGHT_WriteAPDPReg(AP reg 0x01, 0x80011130)
TA67C 000:401.703 - 0.250ms returns 0
TA67C 000:401.730 JLINK_CORESIGHT_ReadAPDPReg(AP reg 0x03)
TA67C 000:401.958   Value=0x00038702
TA67C 000:401.986 - 0.256ms returns 0
TA67C 000:402.650 JLINK_CORESIGHT_WriteAPDPReg(AP reg 0x00, 0x80000002)
TA67C 000:402.875 - 0.225ms returns 0
TA67C 000:402.907 JLINK_CORESIGHT_WriteAPDPReg(AP reg 0x01, 0x80011140)
TA67C 000:403.092 - 0.185ms returns 0
TA67C 000:403.114 JLINK_CORESIGHT_ReadAPDPReg(AP reg 0x03)
TA67C 000:403.341   Value=0x00000002
TA67C 000:403.370 - 0.255ms returns 0
TA67C 000:403.391 JLINK_CORESIGHT_WriteAPDPReg(AP reg 0x00, 0x80000002)
TA67C 000:403.595 - 0.205ms returns 0
TA67C 000:403.618 JLINK_CORESIGHT_WriteAPDPReg(AP reg 0x01, 0x80011120)
TA67C 000:403.793 - 0.175ms returns 0
TA67C 000:403.815 JLINK_CORESIGHT_WriteAPDPReg(AP reg 0x03, 0x4F010001)
TA67C 000:403.992 - 0.177ms returns 0
TA67C 000:404.014 JLINK_CORESIGHT_WriteAPDPReg(AP reg 0x00, 0x80000002)
TA67C 000:404.190 - 0.175ms returns 0
TA67C 000:404.212 JLINK_CORESIGHT_WriteAPDPReg(AP reg 0x01, 0x80011140)
TA67C 000:404.455 - 0.242ms returns 0
TA67C 000:404.483 JLINK_CORESIGHT_ReadAPDPReg(AP reg 0x03)
TA67C 000:404.753   Value=0x00000002
TA67C 000:404.782 - 0.299ms returns 0
TA67C 000:404.801 JLINK_CORESIGHT_WriteAPDPReg(AP reg 0x00, 0x80000002)
TA67C 000:404.992 - 0.191ms returns 0
TA67C 000:405.015 JLINK_CORESIGHT_WriteAPDPReg(AP reg 0x01, 0x80011120)
TA67C 000:405.189 - 0.174ms returns 0
TA67C 000:405.211 JLINK_CORESIGHT_WriteAPDPReg(AP reg 0x03, 0x000003B0)
TA67C 000:405.395 - 0.183ms returns 0
TA67C 000:405.430 JLINK_CORESIGHT_WriteAPDPReg(AP reg 0x00, 0x80000002)
TA67C 000:405.703 - 0.273ms returns 0
TA67C 000:405.733 JLINK_CORESIGHT_WriteAPDPReg(AP reg 0x01, 0x80011140)
TA67C 000:405.912 - 0.178ms returns 0
TA67C 000:405.934 JLINK_CORESIGHT_ReadAPDPReg(AP reg 0x03)
TA67C 000:406.166   Value=0x00000002
TA67C 000:406.196 - 0.262ms returns 0
TA67C 000:406.215 JLINK_CORESIGHT_ReadAPDPReg(AP reg 0x03)
TA67C 000:406.443   Value=0x00000000
TA67C 000:406.476 - 0.261ms returns 0
TA67C 000:406.497 JLINK_CORESIGHT_WriteAPDPReg(AP reg 0x00, 0x80000002)
TA67C 000:406.704 - 0.206ms returns 0
TA67C 000:406.726 JLINK_CORESIGHT_WriteAPDPReg(AP reg 0x01, 0x80011130)
TA67C 000:406.901 - 0.175ms returns 0
TA67C 000:406.923 JLINK_CORESIGHT_ReadAPDPReg(AP reg 0x03)
TA67C 000:407.167   Value=0x4F0B0081
TA67C 000:407.194 - 0.271ms returns 0
TA67C 000:407.214 JLINK_CORESIGHT_WriteAPDPReg(AP reg 0x00, 0x80000002)
TA67C 000:407.413 - 0.199ms returns 0
TA67C 000:407.488 JLINK_CORESIGHT_WriteAPDPReg(AP reg 0x01, 0x80011140)
TA67C 000:407.709 - 0.221ms returns 0
TA67C 000:407.739 JLINK_CORESIGHT_ReadAPDPReg(AP reg 0x03)
TA67C 000:408.008   Value=0x00000000
TA67C 000:408.038 - 0.298ms returns 0
TA67C 000:408.057 JLINK_CORESIGHT_WriteAPDPReg(AP reg 0x00, 0x80000002)
TA67C 000:408.243 - 0.185ms returns 0
TA67C 000:408.265 JLINK_CORESIGHT_WriteAPDPReg(AP reg 0x01, 0x80011130)
TA67C 000:408.442 - 0.176ms returns 0
TA67C 000:408.470 JLINK_CORESIGHT_ReadAPDPReg(AP reg 0x03)
TA67C 000:408.753   Value=0x20000000
TA67C 000:408.783 - 0.313ms returns 0
TA67C 000:408.803 JLINK_CORESIGHT_WriteAPDPReg(AP reg 0x00, 0x80000002)
TA67C 000:408.992 - 0.189ms returns 0
TA67C 000:409.014 JLINK_CORESIGHT_WriteAPDPReg(AP reg 0x01, 0x80011140)
TA67C 000:409.191 - 0.176ms returns 0
TA67C 000:409.213 JLINK_CORESIGHT_ReadAPDPReg(AP reg 0x03)
TA67C 000:409.499   Value=0x00000000
TA67C 000:409.536 - 0.322ms returns 0
TA67C 000:409.557 JLINK_CORESIGHT_WriteAPDPReg(AP reg 0x00, 0x80000002)
TA67C 000:409.743 - 0.186ms returns 0
TA67C 000:409.774 JLINK_CORESIGHT_WriteAPDPReg(AP reg 0x01, 0x80011130)
TA67C 000:409.967 - 0.193ms returns 0
TA67C 000:409.990 JLINK_CORESIGHT_ReadAPDPReg(AP reg 0x03)
TA67C 000:410.216   Value=0x00000000
TA67C 000:410.244 - 0.254ms returns 0
TA67C 000:410.264 JLINK_CORESIGHT_WriteAPDPReg(AP reg 0x00, 0x80000002)
TA67C 000:410.442 - 0.178ms returns 0
TA67C 000:410.528 JLINK_CORESIGHT_WriteAPDPReg(AP reg 0x01, 0x80011140)
TA67C 000:410.826 - 0.298ms returns 0
TA67C 000:410.862 JLINK_CORESIGHT_ReadAPDPReg(AP reg 0x03)
TA67C 000:411.129   Value=0x00000000
TA67C 000:411.168 - 0.306ms returns 0
TA67C 000:411.189 JLINK_CORESIGHT_WriteAPDPReg(AP reg 0x00, 0x80000002)
TA67C 000:411.379 - 0.190ms returns 0
TA67C 000:411.423 JLINK_CORESIGHT_WriteAPDPReg(AP reg 0x01, 0x80011130)
TA67C 000:411.620 - 0.197ms returns 0
TA67C 000:411.649 JLINK_CORESIGHT_ReadAPDPReg(AP reg 0x03)
TA67C 000:411.892   Value=0x03860000
TA67C 000:411.920 - 0.271ms returns 0
TA67C 000:412.011 JLINK_CORESIGHT_ReadAPDPReg(DP reg 0x01)
TA67C 000:412.217   Value=0xF0000F40
TA67C 000:412.248 - 0.237ms returns 0
TA67C 000:412.268 JLINK_CORESIGHT_WriteAPDPReg(DP reg 0x01, 0xA0000F40)
TA67C 000:412.452 - 0.183ms returns 0
TA67C 000:412.481 JLINK_CORESIGHT_ReadAPDPReg(DP reg 0x01)
TA67C 000:412.701   Value=0x00000F40
TA67C 000:412.735 - 0.254ms returns 0
TA67C 000:412.754 JLINK_ClrRESET()
TA67C 000:412.934 - 0.179ms 
TA67C 000:513.871 JLINK_Close()
TA67C 000:526.925 - 13.052ms
TA67C 000:526.996   
TA67C 000:527.013   Closed
