T665C 000:003.928   SEGGER J-Link V9.14a Log File
T665C 000:004.213   DLL Compiled: Jan 28 2026 17:11:52
T665C 000:004.245   Logging started @ 2026-05-06 07:43
T665C 000:004.276   Process: C:\Users\jerry.chen\.eclipse\com.renesas.platform_1435879475\DebugComp\RA\e2-server-gdb.exe
T665C 000:004.318 - 4.309ms 
T665C 000:004.366 JLINK_GetDLLVersion()
T665C 000:004.396 - 0.032ms returns 91401
T665C 000:014.302 JLINK_OpenEx(...)
T665C 000:030.328   Firmware: J-Link V12 compiled Dec  4 2024 17:53:50
T665C 000:031.198   Firmware: J-Link V12 compiled Dec  4 2024 17:53:50
T665C 000:034.296   Looking for J-Link GUI Server exe at: C:\Users\jerry.chen\.eclipse\com.renesas.platform_1435879475\DebugComp\RA\ARM\Segger_v9.14.1\JLinkGUIServer.exe
T665C 000:034.557   Looking for J-Link GUI Server exe at: C:\Program Files\SEGGER\JLink_V858\JLinkGUIServer.exe
T665C 000:034.676   Forking J-Link GUI Server: C:\Program Files\SEGGER\JLink_V858\JLinkGUIServer.exe
T665C 000:148.531   J-Link GUI Server info: "J-Link GUI server V8.58 "
T665C 003:249.873   Hardware: V12.00
T665C 003:250.024   S/N: 601012352
T665C 003:250.090   OEM: SEGGER
T665C 003:250.128   Feature(s): RDI, FlashBP, FlashDL, JFlash, GDB
T665C 003:252.010   Bootloader: (FW returned invalid version)
T665C 003:252.492   USB speed mode: High speed (480 MBit/s)
T665C 003:252.546   Active J-Link Eco level: 3 (https://kb.segger.com/J-Link_Eco)
T665C 003:253.254   TELNET listener socket opened on port 19021
T665C 003:253.757   WEBSRV WEBSRV_Init(): Starting webserver thread(s)
T665C 003:254.295   WEBSRV Webserver running on local port 19080
T665C 003:254.654   Looking for J-Link GUI Server exe at: C:\Users\jerry.chen\.eclipse\com.renesas.platform_1435879475\DebugComp\RA\ARM\Segger_v9.14.1\JLinkGUIServer.exe
T665C 003:254.790   Looking for J-Link GUI Server exe at: C:\Program Files\SEGGER\JLink_V858\JLinkGUIServer.exe
T665C 003:254.939   Forking J-Link GUI Server: C:\Program Files\SEGGER\JLink_V858\JLinkGUIServer.exe
T665C 003:268.059   J-Link GUI Server info: "J-Link GUI server V8.58 "
T665C 003:269.699 - 3255.388ms returns "O.K."
T665C 003:270.523 JLINK_ExecCommand("ProjectFile=E:\RS_workspace\adc_ek_ra6m5_ep/adc_ek_ra6m5_ep Debug_Flat.jlink", ...). 
T665C 003:305.569 - 35.050ms returns 0x00
T665C 003:306.108 JLINK_ExecCommand("device=R7FA6M5BH", ...). 
T665C 003:307.914   Flash bank @ 0x0100A100: SFL: Parsing sectorization info from ELF file
T665C 003:307.991     FlashDevice.SectorInfo[0]: .SectorSize = 0x00000010, .SectorStartAddr = 0x00000000
T665C 003:308.014   FlashBank @0x0100A100: Sectorization info from SFL ELF file ignored because sectorization override from DLL / XML file is active.
T665C 003:308.074   Flash bank @ 0x00000000: SFL: Parsing sectorization info from ELF file
T665C 003:308.099     FlashDevice.SectorInfo[0]: .SectorSize = 0x00002000, .SectorStartAddr = 0x00000000
T665C 003:308.122   FlashBank @0x00000000: Sectorization info from SFL ELF file ignored because sectorization override from DLL / XML file is active.
T665C 003:308.944   Flash bank @ 0x08000000: SFL: Parsing sectorization info from ELF file
T665C 003:309.042     FlashDevice.SectorInfo[0]: .SectorSize = 0x00000040, .SectorStartAddr = 0x00000000
T665C 003:309.083   FlashBank @0x08000000: Sectorization info from SFL ELF file ignored because sectorization override from DLL / XML file is active.
T665C 003:309.209   Flash bank @ 0x60000000: SFL: Parsing sectorization info from ELF file
T665C 003:309.255     FlashDevice.SectorInfo[0]: .SectorSize = 0x00010000, .SectorStartAddr = 0x00000000
T665C 003:317.844   Device "R7FA6M5BH" selected.
T665C 003:320.065 - 13.954ms returns 0x00
T665C 003:320.159 JLINK_TIF_GetAvailable(...)
T665C 003:320.430 - 0.270ms 
T665C 003:320.501 JLINK_TIF_Select(JLINKARM_TIF_SWD)
T665C 003:321.415 - 0.913ms returns 0x00
T665C 003:321.476 JLINK_SetSpeed(4000)
T665C 003:321.585 - 0.114ms 
T665C 003:321.633 JLINK_ReadMem(0xE000EDF0, 0x4 Bytes, ...)
T665C 003:321.891   ConfigTargetSettings() start
T665C 003:321.926    J-Link Script File: Executing ConfigTargetSettings()
T665C 003:322.001   Configuring FlashDLNoRMWThreshold=0x200 in order to make sure that option bytes programming is done via read-modify-write
T665C 003:350.342   ConfigTargetSettings() end - Took 28.4ms
T665C 003:350.388   InitTarget() start
T665C 003:350.412    J-Link Script File: Executing InitTarget()
T665C 003:350.434   SWD selected. Executing JTAG -> SWD switching sequence.
T665C 003:352.290   DAP initialized successfully.
T665C 003:352.320   Determining TrustZone configuration...
T665C 003:353.320     Secure Debug: Enabled (SSD)
T665C 003:353.372   Determining currently configured transfer type by reading the AHB-AP CSW register.
T665C 003:354.046     --> Correct transfer type configured. Done.
T665C 003:354.076   InitTarget() end - Took 3.66ms
T665C 003:354.590   Found SW-DP with ID 0x6BA02477
T665C 003:356.339   DPIDR: 0x6BA02477
T665C 003:356.377   CoreSight SoC-400 or earlier
T665C 003:356.404   Scanning AP map to find all available APs
T665C 003:357.367   AP[2]: Stopped AP scan as end of AP map has been reached
T665C 003:357.458   AP[0]: AHB-AP (IDR: 0x84770001, ADDR: 0x00000000)
T665C 003:357.502   AP[1]: APB-AP (IDR: 0x54770002, ADDR: 0x01000000)
T665C 003:357.548   Iterating through AP map to find AHB-AP to use
T665C 003:358.319   AP[0]: Core found
T665C 003:358.402   AP[0]: AHB-AP ROM base: 0xE00FE000
T665C 003:358.798   CPUID register: 0x410FD214. Implementer code: 0x41 (ARM)
T665C 003:358.876   Feature set: Mainline
T665C 003:359.288   Cache: No cache
T665C 003:359.352   Found Cortex-M33 r0p4, Little endian.
T665C 003:359.852   -- Max. mem block: 0x00003A08
T665C 003:360.760   Cortex-M: The connected J-Link (S/N 601012352) uses an old firmware module: V1 (current is 3)
T665C 003:360.877   
  ***** Warning: 
T665C 003:360.926   Cortex-M (ARMv8-M and later): The connected J-Link (S/N 601012352) uses an old firmware module that does not handle I/D-cache correctly. Proper debugging functionality cannot be guaranteed if cache is enabled
T665C 003:361.005   CPU_ReadMem(4 bytes @ 0xE000EDF0)
T665C 003:361.461   CPU_WriteMem(4 bytes @ 0xE000EDF0)
T665C 003:361.953   CPU_ReadMem(4 bytes @ 0xE0002000)
T665C 003:362.318   FPUnit: 8 code (BP) slots and 0 literal slots
T665C 003:362.353   CPU_ReadMem(4 bytes @ 0xE000EDFC)
T665C 003:362.755   CPU_WriteMem(4 bytes @ 0xE000EDFC)
T665C 003:363.186   CPU_ReadMem(4 bytes @ 0xE0001000)
T665C 003:363.573   CPU_ReadMem(4 bytes @ 0xE0001000)
T665C 003:363.922   CPU_ReadMem(4 bytes @ 0xE0001028)
T665C 003:364.292   CPU_ReadMem(4 bytes @ 0xE0001038)
T665C 003:364.789   CPU_ReadMem(4 bytes @ 0xE0001048)
T665C 003:365.178   CPU_ReadMem(4 bytes @ 0xE0001058)
T665C 003:365.577   CPU_WriteMem(4 bytes @ 0xE0001000)
T665C 003:365.993   CPU_ReadMem(4 bytes @ 0xE000ED88)
T665C 003:366.450   CPU_WriteMem(4 bytes @ 0xE000ED88)
T665C 003:366.902   CPU_ReadMem(4 bytes @ 0xE000ED88)
T665C 003:367.300   CPU_WriteMem(4 bytes @ 0xE000ED88)
T665C 003:367.714   CPU_ReadMem(4 bytes @ 0xE000EFB8)
T665C 003:368.141   Security extension: implemented
T665C 003:368.222   Secure debug: enabled
T665C 003:368.271   CoreSight components:
T665C 003:368.320   ROMTbl[0] @ E00FE000
T665C 003:368.369   CPU_ReadMem(64 bytes @ 0xE00FE000)
T665C 003:369.017   CPU_ReadMem(32 bytes @ 0xE0044FE0)
T665C 003:369.541   CPU_ReadMem(4 bytes @ 0xE0044FBC)
T665C 003:369.946   CPU_ReadMem(4 bytes @ 0xE0044FCC)
T665C 003:370.324   [0][0]: E0044000 CID B105900D PID 005BB906 DEVARCH 00000000 DEVTYPE 14 CTI (?)
T665C 003:370.351   CPU_ReadMem(32 bytes @ 0xE0047FE0)
T665C 003:370.822   CPU_ReadMem(4 bytes @ 0xE0047FBC)
T665C 003:371.193   CPU_ReadMem(4 bytes @ 0xE0047FCC)
T665C 003:371.575   [0][1]: E0047000 CID B105900D PID 003BB908 DEVARCH 00000000 DEVTYPE 12 CSTF
T665C 003:371.661   CPU_ReadMem(32 bytes @ 0xE0048FE0)
T665C 003:372.152   CPU_ReadMem(4 bytes @ 0xE0048FBC)
T665C 003:372.551   CPU_ReadMem(4 bytes @ 0xE0048FCC)
T665C 003:372.902   [0][2]: E0048000 CID B105900D PID 001BB961 DEVARCH 00000000 DEVTYPE 21 TMC
T665C 003:372.974   CPU_ReadMem(32 bytes @ 0xE0049FE0)
T665C 003:373.559   [0][3]: E0049000 CID B105F00D PID 001BB101 TSG
T665C 003:373.642   CPU_ReadMem(32 bytes @ 0xE0040FE0)
T665C 003:374.183   CPU_ReadMem(4 bytes @ 0xE0040FBC)
T665C 003:374.608   CPU_ReadMem(4 bytes @ 0xE0040FCC)
T665C 003:374.976   [0][4]: E0040000 CID B105900D PID 000BBD21 DEVARCH 00000000 DEVTYPE 11 TPIU
T665C 003:375.042   CPU_ReadMem(32 bytes @ 0xE00FFFE0)
T665C 003:375.612   [0][5]: E00FF000 CID B105100D PID 000BB4C9 ROM Table
T665C 003:375.706   ROMTbl[1] @ E00FF000
T665C 003:375.755   CPU_ReadMem(64 bytes @ 0xE00FF000)
T665C 003:376.416   CPU_ReadMem(32 bytes @ 0xE000EFE0)
T665C 003:377.088   CPU_ReadMem(4 bytes @ 0xE000EFBC)
T665C 003:377.444   CPU_ReadMem(4 bytes @ 0xE000EFCC)
T665C 003:377.849   [1][0]: E000E000 CID B105900D PID 000BBD21 DEVARCH 47702A04 DEVTYPE 00 Cortex-M33
T665C 003:377.913   CPU_ReadMem(32 bytes @ 0xE0001FE0)
T665C 003:378.406   CPU_ReadMem(4 bytes @ 0xE0001FBC)
T665C 003:378.753   CPU_ReadMem(4 bytes @ 0xE0001FCC)
T665C 003:379.142   [1][1]: E0001000 CID B105900D PID 000BBD21 DEVARCH 47701A02 DEVTYPE 00 DWT
T665C 003:379.168   CPU_ReadMem(32 bytes @ 0xE0002FE0)
T665C 003:379.664   CPU_ReadMem(4 bytes @ 0xE0002FBC)
T665C 003:380.026   CPU_ReadMem(4 bytes @ 0xE0002FCC)
T665C 003:380.400   [1][2]: E0002000 CID B105900D PID 000BBD21 DEVARCH 47701A03 DEVTYPE 00 FPB
T665C 003:380.431   CPU_ReadMem(32 bytes @ 0xE0000FE0)
T665C 003:380.918   CPU_ReadMem(4 bytes @ 0xE0000FBC)
T665C 003:381.353   CPU_ReadMem(4 bytes @ 0xE0000FCC)
T665C 003:381.722   [1][3]: E0000000 CID B105900D PID 000BBD21 DEVARCH 47701A01 DEVTYPE 43 ITM
T665C 003:381.766   CPU_ReadMem(32 bytes @ 0xE0041FE0)
T665C 003:382.282   CPU_ReadMem(4 bytes @ 0xE0041FBC)
T665C 003:382.654   CPU_ReadMem(4 bytes @ 0xE0041FCC)
T665C 003:382.987   [1][5]: E0041000 CID B105900D PID 002BBD21 DEVARCH 47724A13 DEVTYPE 13 ETM
T665C 003:383.044   CPU_ReadMem(32 bytes @ 0xE0042FE0)
T665C 003:383.590   CPU_ReadMem(4 bytes @ 0xE0042FBC)
T665C 003:384.027   CPU_ReadMem(4 bytes @ 0xE0042FCC)
T665C 003:384.402   [1][6]: E0042000 CID B105900D PID 000BBD21 DEVARCH 47701A14 DEVTYPE 14 CSS600-CTI
T665C 003:384.475   CPU_ReadMem(4 bytes @ 0xE000EDF0)
T665C 003:384.841   Data:  01 00 10 02
T665C 003:384.868   Debug reg: DHCSR
T665C 003:384.891 - 63.258ms returns 0
T665C 003:384.927 JLINK_ReadMem(0x400E002C, 0x4 Bytes, ...)
T665C 003:384.947   CPU_ReadMem(4 bytes @ 0x400E002C)
T665C 003:385.325   Data:  00 00 00 00
T665C 003:385.402 - 0.474ms returns 0
T665C 003:385.558 JLINK_ReadMem(0xE000EDF0, 0x4 Bytes, ...)
T665C 003:385.597   CPU_ReadMem(4 bytes @ 0xE000EDF0)
T665C 003:385.974   Data:  01 00 10 02
T665C 003:386.029   Debug reg: DHCSR
T665C 003:386.084 - 0.526ms returns 0
T665C 003:386.195 JLINK_ReadMem(0xE000EDF0, 0x4 Bytes, ...)
T665C 003:386.228   CPU_ReadMem(4 bytes @ 0xE000EDF0)
T665C 003:386.624   Data:  01 00 10 02
T665C 003:386.674   Debug reg: DHCSR
T665C 003:386.721 - 0.526ms returns 0
T665C 003:386.755 JLINK_ReadMem(0x400E001C, 0x4 Bytes, ...)
T665C 003:386.789   CPU_ReadMem(4 bytes @ 0x400E001C)
T665C 003:387.152   Data:  00 00 00 00
T665C 003:387.178 - 0.423ms returns 0
T665C 003:387.197 JLINK_ReadMem(0xE000EDF0, 0x4 Bytes, ...)
T665C 003:387.215   CPU_ReadMem(4 bytes @ 0xE000EDF0)
T665C 003:387.556   Data:  01 00 10 02
T665C 003:387.590   Debug reg: DHCSR
T665C 003:387.612 - 0.414ms returns 0
T665C 003:387.629 JLINK_ReadMem(0x400E0018, 0x4 Bytes, ...)
T665C 003:387.647   CPU_ReadMem(4 bytes @ 0x400E0018)
T665C 003:387.994   Data:  00 00 00 00
T665C 003:388.022 - 0.392ms returns 0
T665C 003:388.041 JLINK_ReadMem(0xE000EDF0, 0x4 Bytes, ...)
T665C 003:388.057   CPU_ReadMem(4 bytes @ 0xE000EDF0)
T665C 003:388.436   Data:  01 00 10 02
T665C 003:388.493   Debug reg: DHCSR
T665C 003:388.518 - 0.476ms returns 0
T665C 003:388.536 JLINK_ReadMem(0x400E0020, 0x4 Bytes, ...)
T665C 003:388.552   CPU_ReadMem(4 bytes @ 0x400E0020)
T665C 003:388.879   Data:  00 00 00 00
T665C 003:388.908 - 0.372ms returns 0
T665C 003:388.928 JLINK_ReadMem(0xE000EDF0, 0x4 Bytes, ...)
T665C 003:388.950   CPU_ReadMem(4 bytes @ 0xE000EDF0)
T665C 003:389.318   Data:  01 00 10 02
T665C 003:389.345   Debug reg: DHCSR
T665C 003:389.367 - 0.438ms returns 0
T665C 003:389.384 JLINK_ReadMem(0x400E0028, 0x4 Bytes, ...)
T665C 003:389.400   CPU_ReadMem(4 bytes @ 0x400E0028)
T665C 003:389.756   Data:  00 00 00 00
T665C 003:389.851 - 0.467ms returns 0
T665C 003:389.894 JLINK_ReadMem(0xE000EDF0, 0x4 Bytes, ...)
T665C 003:389.929   CPU_ReadMem(4 bytes @ 0xE000EDF0)
T665C 003:390.422   Data:  01 00 10 02
T665C 003:390.509   Debug reg: DHCSR
T665C 003:390.553 - 0.659ms returns 0
T665C 003:390.591 JLINK_ReadMem(0x400E0024, 0x4 Bytes, ...)
T665C 003:390.626   CPU_ReadMem(4 bytes @ 0x400E0024)
T665C 003:391.016   Data:  00 00 00 00
T665C 003:391.087 - 0.496ms returns 0
T665C 003:391.129 JLINK_ReadMem(0xE000EDF0, 0x4 Bytes, ...)
T665C 003:391.163   CPU_ReadMem(4 bytes @ 0xE000EDF0)
T665C 003:391.664   Data:  01 00 10 02
T665C 003:391.748   Debug reg: DHCSR
T665C 003:391.795 - 0.666ms returns 0
T665C 003:391.832 JLINK_ReadMem(0x400E002C, 0x4 Bytes, ...)
T665C 003:391.868   CPU_ReadMem(4 bytes @ 0x400E002C)
T665C 003:392.284   Data:  00 00 00 00
T665C 003:392.348 - 0.515ms returns 0
T665C 003:392.390 JLINK_ReadMem(0xE000EDF0, 0x4 Bytes, ...)
T665C 003:392.425   CPU_ReadMem(4 bytes @ 0xE000EDF0)
T665C 003:392.848   Data:  01 00 10 02
T665C 003:392.912   Debug reg: DHCSR
T665C 003:392.958 - 0.568ms returns 0
T665C 003:392.993 JLINK_ReadMem(0x400E002C, 0x4 Bytes, ...)
T665C 003:393.027   CPU_ReadMem(4 bytes @ 0x400E002C)
T665C 003:393.504   Data:  00 00 00 00
T665C 003:393.596 - 0.602ms returns 0
T665C 003:393.640 JLINK_ReadMem(0xE000EDF0, 0x4 Bytes, ...)
T665C 003:393.679   CPU_ReadMem(4 bytes @ 0xE000EDF0)
T665C 003:394.058   Data:  01 00 10 02
T665C 003:394.146   Debug reg: DHCSR
T665C 003:394.192 - 0.550ms returns 0
T665C 003:394.227 JLINK_ReadMem(0x400E002C, 0x4 Bytes, ...)
T665C 003:394.262   CPU_ReadMem(4 bytes @ 0x400E002C)
T665C 003:394.638   Data:  00 00 00 00
T665C 003:394.702 - 0.475ms returns 0
T665C 003:394.743 JLINK_ReadMem(0xE000EDF0, 0x4 Bytes, ...)
T665C 003:394.778   CPU_ReadMem(4 bytes @ 0xE000EDF0)
T665C 003:395.156   Data:  01 00 10 02
T665C 003:395.248   Debug reg: DHCSR
T665C 003:395.290 - 0.546ms returns 0
T665C 003:395.322 JLINK_ReadMem(0x400E001C, 0x4 Bytes, ...)
T665C 003:395.355   CPU_ReadMem(4 bytes @ 0x400E001C)
T665C 003:395.747   Data:  00 00 00 00
T665C 003:395.828 - 0.505ms returns 0
T665C 003:395.871 JLINK_ReadMem(0xE000EDF0, 0x4 Bytes, ...)
T665C 003:395.909   CPU_ReadMem(4 bytes @ 0xE000EDF0)
T665C 003:396.334   Data:  01 00 10 02
T665C 003:396.418   Debug reg: DHCSR
T665C 003:396.550 - 0.678ms returns 0
T665C 003:396.609 JLINK_ReadMem(0x400E0018, 0x4 Bytes, ...)
T665C 003:396.671   CPU_ReadMem(4 bytes @ 0x400E0018)
T665C 003:397.058   Data:  00 00 00 00
T665C 003:397.196 - 0.585ms returns 0
T665C 003:397.286 JLINK_ReadMem(0xE000EDF0, 0x4 Bytes, ...)
T665C 003:397.362   CPU_ReadMem(4 bytes @ 0xE000EDF0)
T665C 003:397.754   Data:  01 00 10 02
T665C 003:397.830   Debug reg: DHCSR
T665C 003:397.873 - 0.588ms returns 0
T665C 003:397.908 JLINK_ReadMem(0x400E0020, 0x4 Bytes, ...)
T665C 003:397.942   CPU_ReadMem(4 bytes @ 0x400E0020)
T665C 003:398.353   Data:  00 00 00 00
T665C 003:398.426 - 0.517ms returns 0
T665C 003:398.466 JLINK_ReadMem(0xE000EDF0, 0x4 Bytes, ...)
T665C 003:398.502   CPU_ReadMem(4 bytes @ 0xE000EDF0)
T665C 003:398.883   Data:  01 00 10 02
T665C 003:398.941   Debug reg: DHCSR
T665C 003:399.006 - 0.539ms returns 0
T665C 003:399.040 JLINK_ReadMem(0x400E0028, 0x4 Bytes, ...)
T665C 003:399.074   CPU_ReadMem(4 bytes @ 0x400E0028)
T665C 003:399.450   Data:  00 00 00 00
T665C 003:399.528 - 0.487ms returns 0
T665C 003:399.585 JLINK_ReadMem(0xE000EDF0, 0x4 Bytes, ...)
T665C 003:399.648   CPU_ReadMem(4 bytes @ 0xE000EDF0)
T665C 003:400.009   Data:  01 00 10 02
T665C 003:400.074   Debug reg: DHCSR
T665C 003:400.120 - 0.534ms returns 0
T665C 003:400.155 JLINK_ReadMem(0x400E0024, 0x4 Bytes, ...)
T665C 003:400.284   CPU_ReadMem(4 bytes @ 0x400E0024)
T665C 003:400.689   Data:  00 00 00 00
T665C 003:400.798 - 0.642ms returns 0
T665C 003:401.224 JLINK_SetEndian(ARM_ENDIAN_LITTLE)
T665C 003:401.270 - 0.046ms returns 0
T665C 003:401.287 JLINK_SetInitRegsOnReset(OFF)
T665C 003:401.302 - 0.015ms returns 1
T665C 003:401.320 JLINK_SetResetType(JLINKARM_CM3_RESET_TYPE_CONNECT_UNDER_RESET)
T665C 003:401.336 - 0.016ms returns JLINKARM_CM3_RESET_TYPE_NORMAL
T665C 003:401.354 JLINK_ExecCommand("EnableFlashBPs", ...). 
T665C 003:401.374 - 0.020ms returns 0x00
T665C 003:401.392 JLINK_ExecCommand("SetAllowFlashCache = 0", ...). 
T665C 003:401.408 - 0.017ms returns 0x00
T665C 003:401.426 JLINK_ExecCommand("SetRestartOnClose = 0", ...). 
T665C 003:401.443 - 0.017ms returns 0x01
T665C 003:401.460 JLINK_ExecCommand("SetAllowSimulation = 0", ...). 
T665C 003:401.477 - 0.017ms returns 0x00
T665C 003:401.496 JLINK_EnableSoftBPs(ON)
T665C 003:401.538 - 0.045ms 
T665C 003:401.568 JLINK_Connect()
T665C 003:401.827   ConfigTargetSettings() start
T665C 003:401.911    J-Link Script File: Executing ConfigTargetSettings()
T665C 003:401.944   Configuring FlashDLNoRMWThreshold=0x200 in order to make sure that option bytes programming is done via read-modify-write
T665C 003:437.704   ConfigTargetSettings() end - Took 35.7ms
T665C 003:437.752   InitTarget() start
T665C 003:437.775    J-Link Script File: Executing InitTarget()
T665C 003:437.793   SWD selected. Executing JTAG -> SWD switching sequence.
T665C 003:439.583   DAP initialized successfully.
T665C 003:439.674   Determining TrustZone configuration...
T665C 003:440.799     Secure Debug: Enabled (SSD)
T665C 003:440.864   Determining currently configured transfer type by reading the AHB-AP CSW register.
T665C 003:441.701     --> Correct transfer type configured. Done.
T665C 003:441.794   InitTarget() end - Took 4.01ms
T665C 003:442.368   Found SW-DP with ID 0x6BA02477
T665C 003:444.129   DPIDR: 0x6BA02477
T665C 003:444.186   CoreSight SoC-400 or earlier
T665C 003:444.214   AP map detection skipped. Manually configured AP map found.
T665C 003:444.249   AP[0]: AHB-AP (IDR: Not set, ADDR: 0x00000000)
T665C 003:444.888   AP[0]: Core found
T665C 003:444.967   AP[0]: AHB-AP ROM base: 0xE00FE000
T665C 003:445.365   CPUID register: 0x410FD214. Implementer code: 0x41 (ARM)
T665C 003:445.404   Feature set: Mainline
T665C 003:445.776   Cache: No cache
T665C 003:445.855   Found Cortex-M33 r0p4, Little endian.
T665C 003:446.076   -- Max. mem block: 0x000036E8
T665C 003:446.128   Cortex-M: The connected J-Link (S/N 601012352) uses an old firmware module: V1 (current is 3)
T665C 003:446.152   
  ***** Warning: 
T665C 003:446.176   Cortex-M (ARMv8-M and later): The connected J-Link (S/N 601012352) uses an old firmware module that does not handle I/D-cache correctly. Proper debugging functionality cannot be guaranteed if cache is enabled
T665C 003:446.204   CPU_ReadMem(4 bytes @ 0xE000EDF0)
T665C 003:446.560   CPU_ReadMem(4 bytes @ 0xE0002000)
T665C 003:446.930   FPUnit: 8 code (BP) slots and 0 literal slots
T665C 003:446.987   CPU_ReadMem(4 bytes @ 0xE000EDFC)
T665C 003:447.412   CPU_ReadMem(4 bytes @ 0xE0001000)
T665C 003:447.810   CPU_ReadMem(4 bytes @ 0xE0001000)
T665C 003:448.199   CPU_ReadMem(4 bytes @ 0xE0001028)
T665C 003:448.577   CPU_ReadMem(4 bytes @ 0xE0001038)
T665C 003:448.973   CPU_ReadMem(4 bytes @ 0xE0001048)
T665C 003:449.406   CPU_ReadMem(4 bytes @ 0xE0001058)
T665C 003:449.775   CPU_WriteMem(4 bytes @ 0xE0001000)
T665C 003:450.188   CPU_ReadMem(4 bytes @ 0xE000ED88)
T665C 003:450.563   CPU_WriteMem(4 bytes @ 0xE000ED88)
T665C 003:451.011   CPU_ReadMem(4 bytes @ 0xE000ED88)
T665C 003:451.419   CPU_WriteMem(4 bytes @ 0xE000ED88)
T665C 003:451.812   CPU_ReadMem(4 bytes @ 0xE000EFB8)
T665C 003:452.170   Security extension: implemented
T665C 003:452.199   Secure debug: enabled
T665C 003:452.226   CoreSight components:
T665C 003:452.267   ROMTbl[0] @ E00FE000
T665C 003:452.311   CPU_ReadMem(64 bytes @ 0xE00FE000)
T665C 003:452.946   CPU_ReadMem(32 bytes @ 0xE0044FE0)
T665C 003:453.473   CPU_ReadMem(4 bytes @ 0xE0044FBC)
T665C 003:453.882   CPU_ReadMem(4 bytes @ 0xE0044FCC)
T665C 003:454.281   [0][0]: E0044000 CID B105900D PID 005BB906 DEVARCH 00000000 DEVTYPE 14 CTI (?)
T665C 003:454.322   CPU_ReadMem(32 bytes @ 0xE0047FE0)
T665C 003:454.769   CPU_ReadMem(4 bytes @ 0xE0047FBC)
T665C 003:455.332   CPU_ReadMem(4 bytes @ 0xE0047FCC)
T665C 003:455.766   [0][1]: E0047000 CID B105900D PID 003BB908 DEVARCH 00000000 DEVTYPE 12 CSTF
T665C 003:455.848   CPU_ReadMem(32 bytes @ 0xE0048FE0)
T665C 003:456.353   CPU_ReadMem(4 bytes @ 0xE0048FBC)
T665C 003:456.766   CPU_ReadMem(4 bytes @ 0xE0048FCC)
T665C 003:457.155   [0][2]: E0048000 CID B105900D PID 001BB961 DEVARCH 00000000 DEVTYPE 21 TMC
T665C 003:457.239   CPU_ReadMem(32 bytes @ 0xE0049FE0)
T665C 003:457.772   [0][3]: E0049000 CID B105F00D PID 001BB101 TSG
T665C 003:457.852   CPU_ReadMem(32 bytes @ 0xE0040FE0)
T665C 003:458.420   CPU_ReadMem(4 bytes @ 0xE0040FBC)
T665C 003:458.886   CPU_ReadMem(4 bytes @ 0xE0040FCC)
T665C 003:459.273   [0][4]: E0040000 CID B105900D PID 000BBD21 DEVARCH 00000000 DEVTYPE 11 TPIU
T665C 003:459.300   CPU_ReadMem(32 bytes @ 0xE00FFFE0)
T665C 003:459.732   [0][5]: E00FF000 CID B105100D PID 000BB4C9 ROM Table
T665C 003:459.767   ROMTbl[1] @ E00FF000
T665C 003:459.791   CPU_ReadMem(64 bytes @ 0xE00FF000)
T665C 003:460.419   CPU_ReadMem(32 bytes @ 0xE000EFE0)
T665C 003:461.037   CPU_ReadMem(4 bytes @ 0xE000EFBC)
T665C 003:461.398   CPU_ReadMem(4 bytes @ 0xE000EFCC)
T665C 003:461.753   [1][0]: E000E000 CID B105900D PID 000BBD21 DEVARCH 47702A04 DEVTYPE 00 Cortex-M33
T665C 003:461.788   CPU_ReadMem(32 bytes @ 0xE0001FE0)
T665C 003:462.288   CPU_ReadMem(4 bytes @ 0xE0001FBC)
T665C 003:462.648   CPU_ReadMem(4 bytes @ 0xE0001FCC)
T665C 003:463.001   [1][1]: E0001000 CID B105900D PID 000BBD21 DEVARCH 47701A02 DEVTYPE 00 DWT
T665C 003:463.030   CPU_ReadMem(32 bytes @ 0xE0002FE0)
T665C 003:463.555   CPU_ReadMem(4 bytes @ 0xE0002FBC)
T665C 003:463.897   CPU_ReadMem(4 bytes @ 0xE0002FCC)
T665C 003:464.271   [1][2]: E0002000 CID B105900D PID 000BBD21 DEVARCH 47701A03 DEVTYPE 00 FPB
T665C 003:464.298   CPU_ReadMem(32 bytes @ 0xE0000FE0)
T665C 003:464.753   CPU_ReadMem(4 bytes @ 0xE0000FBC)
T665C 003:465.088   CPU_ReadMem(4 bytes @ 0xE0000FCC)
T665C 003:465.502   [1][3]: E0000000 CID B105900D PID 000BBD21 DEVARCH 47701A01 DEVTYPE 43 ITM
T665C 003:465.536   CPU_ReadMem(32 bytes @ 0xE0041FE0)
T665C 003:466.119   CPU_ReadMem(4 bytes @ 0xE0041FBC)
T665C 003:466.500   CPU_ReadMem(4 bytes @ 0xE0041FCC)
T665C 003:466.822   [1][5]: E0041000 CID B105900D PID 002BBD21 DEVARCH 47724A13 DEVTYPE 13 ETM
T665C 003:466.901   CPU_ReadMem(32 bytes @ 0xE0042FE0)
T665C 003:467.452   CPU_ReadMem(4 bytes @ 0xE0042FBC)
T665C 003:467.864   CPU_ReadMem(4 bytes @ 0xE0042FCC)
T665C 003:468.295   [1][6]: E0042000 CID B105900D PID 000BBD21 DEVARCH 47701A14 DEVTYPE 14 CSS600-CTI
T665C 003:468.335 - 66.766ms returns 0x00
T665C 003:468.374 JLINK_Halt()
T665C 003:471.277   
  ***** Warning: 
T665C 003:471.354   CPU could not be halted
T665C 003:471.404 - 3.029ms returns 0x01
T665C 003:471.455 JLINK_IsHalted()
T665C 003:471.887 - 0.431ms returns FALSE
T665C 003:471.936 JLINK_Halt()
T665C 003:475.262   
  ***** Warning: 
T665C 003:475.356   CPU could not be halted
T665C 003:475.382 - 3.445ms returns 0x01
T665C 003:496.072 JLINK_IsHalted()
T665C 003:496.525 - 0.453ms returns FALSE
T665C 003:496.548 JLINK_Halt()
T665C 003:499.240   
  ***** Warning: 
T665C 003:499.287   CPU could not be halted
T665C 003:499.311 - 2.762ms returns 0x01
T665C 003:520.064 JLINK_IsHalted()
T665C 003:520.544 - 0.480ms returns FALSE
T665C 003:520.672 JLINK_Halt()
T665C 003:523.232   
  ***** Warning: 
T665C 003:523.320   CPU could not be halted
T665C 003:523.363 - 2.690ms returns 0x01
T665C 003:544.061 JLINK_IsHalted()
T665C 003:544.548 - 0.487ms returns FALSE
T665C 003:544.571 JLINK_Halt()
T665C 003:547.212   
  ***** Warning: 
T665C 003:547.244   CPU could not be halted
T665C 003:547.268 - 2.696ms returns 0x01
T665C 003:568.130 JLINK_IsHalted()
T665C 003:568.598 - 0.469ms returns FALSE
T665C 003:568.630 JLINK_Halt()
T665C 003:571.233   
  ***** Warning: 
T665C 003:571.280   CPU could not be halted
T665C 003:571.304 - 2.673ms returns 0x01
T665C 003:591.598 JLINK_IsHalted()
T665C 003:592.095 - 0.497ms returns FALSE
T665C 003:592.153 JLINK_Halt()
T665C 003:595.240   
  ***** Warning: 
T665C 003:595.298   CPU could not be halted
T665C 003:595.323 - 3.170ms returns 0x01
T665C 003:615.609 JLINK_IsHalted()
T665C 003:616.083 - 0.474ms returns FALSE
T665C 003:616.106 JLINK_Halt()
T665C 003:619.248   
  ***** Warning: 
T665C 003:619.306   CPU could not be halted
T665C 003:619.330 - 3.223ms returns 0x01
T665C 003:639.604 JLINK_IsHalted()
T665C 003:640.059 - 0.455ms returns FALSE
T665C 003:640.082 JLINK_Halt()
T665C 003:643.242   
  ***** Warning: 
T665C 003:643.304   CPU could not be halted
T665C 003:643.412 - 3.329ms returns 0x01
T665C 003:664.116 JLINK_IsHalted()
T665C 003:664.644 - 0.527ms returns FALSE
T665C 003:664.692 JLINK_Halt()
T665C 003:667.236   
  ***** Warning: 
T665C 003:667.290   CPU could not be halted
T665C 003:667.314 - 2.621ms returns 0x01
T665C 003:687.669 JLINK_IsHalted()
T665C 003:688.286 - 0.616ms returns FALSE
T665C 003:688.319 JLINK_Halt()
T665C 003:691.263   
  ***** Warning: 
T665C 003:691.332   CPU could not be halted
T665C 003:691.357 - 3.037ms returns 0x01
T665C 003:711.697 JLINK_IsHalted()
T665C 003:712.322 - 0.625ms returns FALSE
T665C 003:712.350 JLINK_Halt()
T665C 003:715.259   
  ***** Warning: 
T665C 003:715.310   CPU could not be halted
T665C 003:715.334 - 2.983ms returns 0x01
T665C 003:735.648 JLINK_IsHalted()
T665C 003:736.100 - 0.451ms returns FALSE
T665C 003:736.130 JLINK_Halt()
T665C 003:739.260   
  ***** Warning: 
T665C 003:739.308   CPU could not be halted
T665C 003:739.331 - 3.200ms returns 0x01
T665C 003:759.678 JLINK_ResetPullsRESET(ON)
T665C 003:759.812 - 0.133ms 
T665C 003:759.851 JLINK_Reset()
T665C 003:759.913   ResetTarget() start
T665C 003:759.973    J-Link Script File: Executing ResetTarget()
T665C 003:760.018   CPU_ReadMem(4 bytes @ 0xE000ED44)
T665C 003:760.490   CPU_ReadMem(4 bytes @ 0xE000EE08)
T665C 003:760.932   CPU is running
T665C 003:760.965   CPU_WriteMem(4 bytes @ 0xE000EE08)
T665C 003:761.402   CPU_ReadMem(4 bytes @ 0xE000EE08)
T665C 003:761.737   Reset: ARMv8M core with Security Extension enabled detected. Switch to secure domain.
T665C 003:761.763   Reset: Halt core after reset via DEMCR.VC_CORERESET.
T665C 003:761.787   CPU is running
T665C 003:761.811   CPU_WriteMem(4 bytes @ 0xE000EDF0)
T665C 003:762.176   CPU is running
T665C 003:762.207   CPU_WriteMem(4 bytes @ 0xE000EDFC)
T665C 003:762.776   Reset: Reset device via AIRCR.SYSRESETREQ.
T665C 003:762.813   CPU is running
T665C 003:762.837   CPU_WriteMem(4 bytes @ 0xE000ED0C)
T665C 003:816.193   CPU_ReadMem(4 bytes @ 0xE000EDF0)
T665C 003:816.680   CPU_ReadMem(4 bytes @ 0xE000EDF0)
T665C 003:817.005   CPU_ReadMem(4 bytes @ 0xE000EDF0)
T665C 003:817.339   CPU_ReadMem(4 bytes @ 0xE000EDF0)
T665C 003:817.654   CPU_ReadMem(4 bytes @ 0xE000EDF0)
T665C 003:817.988   CPU_ReadMem(4 bytes @ 0xE000EDF0)
T665C 003:818.402   CPU_ReadMem(4 bytes @ 0xE000EDF0)
T665C 003:818.739   CPU_ReadMem(4 bytes @ 0xE000EDF0)
T665C 003:819.148   CPU_ReadMem(4 bytes @ 0xE000EDF0)
T665C 003:819.631   CPU_ReadMem(4 bytes @ 0xE000EDF0)
T665C 003:820.116   CPU_ReadMem(4 bytes @ 0xE000EDF0)
T665C 003:820.576   CPU_ReadMem(4 bytes @ 0xE000EDF0)
T665C 003:821.130   CPU_ReadMem(4 bytes @ 0xE000EDF0)
T665C 003:821.816   CPU_ReadMem(4 bytes @ 0xE000EDF0)
T665C 003:822.294   CPU_ReadMem(4 bytes @ 0xE000EDF0)
T665C 003:822.725   CPU_ReadMem(4 bytes @ 0xE000EDF0)
T665C 003:823.157   CPU_ReadMem(4 bytes @ 0xE000EDF0)
T665C 003:823.572   CPU_ReadMem(4 bytes @ 0xE000EDF0)
T665C 003:823.969   CPU_ReadMem(4 bytes @ 0xE000EDF0)
T665C 003:824.418   CPU_ReadMem(4 bytes @ 0xE000EDF0)
T665C 003:824.854   CPU_ReadMem(4 bytes @ 0xE000EDF0)
T665C 003:825.369   CPU_ReadMem(4 bytes @ 0xE000EDF0)
T665C 003:825.820   CPU_ReadMem(4 bytes @ 0xE000EDF0)
T665C 003:826.254   CPU_ReadMem(4 bytes @ 0xE000EDF0)
T665C 003:826.644   CPU_ReadMem(4 bytes @ 0xE000EDF0)
T665C 003:827.164   CPU_ReadMem(4 bytes @ 0xE000EDF0)
T665C 003:827.572   CPU_ReadMem(4 bytes @ 0xE000EDF0)
T665C 003:827.924   CPU_ReadMem(4 bytes @ 0xE000EDF0)
T665C 003:828.274   CPU_ReadMem(4 bytes @ 0xE000EDF0)
T665C 003:828.628   CPU_ReadMem(4 bytes @ 0xE000EDF0)
T665C 003:829.150   CPU_ReadMem(4 bytes @ 0xE000EDF0)
T665C 003:829.612   CPU_ReadMem(4 bytes @ 0xE000EDF0)
T665C 003:830.061   CPU_ReadMem(4 bytes @ 0xE000EDF0)
T665C 003:830.520   CPU_ReadMem(4 bytes @ 0xE000EDF0)
T665C 003:830.928   CPU_ReadMem(4 bytes @ 0xE000EDF0)
T665C 003:831.311   CPU_ReadMem(4 bytes @ 0xE000EDF0)
T665C 003:831.730   CPU_ReadMem(4 bytes @ 0xE000EDF0)
T665C 003:832.165   CPU_ReadMem(4 bytes @ 0xE000EDF0)
T665C 003:832.602   CPU_ReadMem(4 bytes @ 0xE000EDF0)
T665C 003:832.958   CPU_ReadMem(4 bytes @ 0xE000EDF0)
T665C 003:833.372   CPU_ReadMem(4 bytes @ 0xE000EDF0)
T665C 003:833.776   CPU_ReadMem(4 bytes @ 0xE000EDF0)
T665C 003:834.208   CPU_ReadMem(4 bytes @ 0xE000EDF0)
T665C 003:834.669   CPU_ReadMem(4 bytes @ 0xE000EDF0)
T665C 003:835.171   CPU_ReadMem(4 bytes @ 0xE000EDF0)
T665C 003:835.620   CPU_ReadMem(4 bytes @ 0xE000EDF0)
T665C 003:836.159   CPU_ReadMem(4 bytes @ 0xE000EDF0)
T665C 003:836.524   CPU_ReadMem(4 bytes @ 0xE000EDF0)
T665C 003:836.958   CPU_ReadMem(4 bytes @ 0xE000EDF0)
T665C 003:837.368   CPU_ReadMem(4 bytes @ 0xE000EDF0)
T665C 003:837.775   CPU_ReadMem(4 bytes @ 0xE000EDF0)
T665C 003:838.204   CPU_ReadMem(4 bytes @ 0xE000EDF0)
T665C 003:838.580   CPU_ReadMem(4 bytes @ 0xE000EDF0)
T665C 003:838.992   CPU_ReadMem(4 bytes @ 0xE000EDF0)
T665C 003:839.373   CPU_ReadMem(4 bytes @ 0xE000EDF0)
T665C 003:839.798   CPU_ReadMem(4 bytes @ 0xE000EDF0)
T665C 003:840.254   CPU_ReadMem(4 bytes @ 0xE000EDF0)
T665C 003:840.642   CPU_ReadMem(4 bytes @ 0xE000EDF0)
T665C 003:841.061   CPU_ReadMem(4 bytes @ 0xE000EDF0)
T665C 003:841.473   CPU_ReadMem(4 bytes @ 0xE000EDF0)
T665C 003:841.890   CPU_ReadMem(4 bytes @ 0xE000EDF0)
T665C 003:842.267   CPU_ReadMem(4 bytes @ 0xE000EDF0)
T665C 003:842.637   CPU_ReadMem(4 bytes @ 0xE000EDF0)
T665C 003:843.014   CPU_ReadMem(4 bytes @ 0xE000EDF0)
T665C 003:843.416   CPU_ReadMem(4 bytes @ 0xE000EDF0)
T665C 003:843.815   CPU_ReadMem(4 bytes @ 0xE000EDF0)
T665C 003:844.253   CPU_ReadMem(4 bytes @ 0xE000EDF0)
T665C 003:844.664   CPU_ReadMem(4 bytes @ 0xE000EDF0)
T665C 003:845.036   CPU_ReadMem(4 bytes @ 0xE000EDF0)
T665C 003:845.422   CPU_ReadMem(4 bytes @ 0xE000EDF0)
T665C 003:845.793   CPU_ReadMem(4 bytes @ 0xE000EDF0)
T665C 003:846.207   CPU_ReadMem(4 bytes @ 0xE000EDF0)
T665C 003:846.640   CPU_ReadMem(4 bytes @ 0xE000EDF0)
T665C 003:847.015   CPU_ReadMem(4 bytes @ 0xE000EDF0)
T665C 003:847.413   CPU_ReadMem(4 bytes @ 0xE000EDF0)
T665C 003:847.851   CPU_ReadMem(4 bytes @ 0xE000EDF0)
T665C 003:848.312   CPU_ReadMem(4 bytes @ 0xE000EDF0)
T665C 003:848.786   CPU_ReadMem(4 bytes @ 0xE000EDF0)
T665C 003:849.206   CPU_ReadMem(4 bytes @ 0xE000EDF0)
T665C 003:849.606   CPU_ReadMem(4 bytes @ 0xE000EDF0)
T665C 003:849.997   CPU_ReadMem(4 bytes @ 0xE000EDF0)
T665C 003:850.410   CPU_ReadMem(4 bytes @ 0xE000EDF0)
T665C 003:850.781   CPU_ReadMem(4 bytes @ 0xE000EDF0)
T665C 003:851.124   CPU_ReadMem(4 bytes @ 0xE000EDF0)
T665C 003:851.510   CPU_ReadMem(4 bytes @ 0xE000EDF0)
T665C 003:851.878   CPU_ReadMem(4 bytes @ 0xE000EDF0)
T665C 003:852.252   CPU_ReadMem(4 bytes @ 0xE000EDF0)
T665C 003:852.604   CPU_ReadMem(4 bytes @ 0xE000EDF0)
T665C 003:852.987   CPU_ReadMem(4 bytes @ 0xE000EDF0)
T665C 003:853.399   CPU_ReadMem(4 bytes @ 0xE000EDF0)
T665C 003:853.766   CPU_ReadMem(4 bytes @ 0xE000EDF0)
T665C 003:854.153   CPU_ReadMem(4 bytes @ 0xE000EDF0)
T665C 003:854.519   CPU_ReadMem(4 bytes @ 0xE000EDF0)
T665C 003:854.938   CPU_ReadMem(4 bytes @ 0xE000EDF0)
T665C 003:855.412   CPU_ReadMem(4 bytes @ 0xE000EDF0)
T665C 003:855.792   CPU_ReadMem(4 bytes @ 0xE000EDF0)
T665C 003:856.324   CPU_ReadMem(4 bytes @ 0xE000EDF0)
T665C 003:856.753   CPU_ReadMem(4 bytes @ 0xE000EDF0)
T665C 003:857.092   CPU_ReadMem(4 bytes @ 0xE000EDF0)
T665C 003:857.503   CPU_ReadMem(4 bytes @ 0xE000EDF0)
T665C 003:857.854   CPU_ReadMem(4 bytes @ 0xE000EDF0)
T665C 003:858.334   CPU_ReadMem(4 bytes @ 0xE000EDF0)
T665C 003:858.764   CPU_ReadMem(4 bytes @ 0xE000EDF0)
T665C 003:859.157   CPU_ReadMem(4 bytes @ 0xE000EDF0)
T665C 003:859.539   CPU_ReadMem(4 bytes @ 0xE000EDF0)
T665C 003:859.910   CPU_ReadMem(4 bytes @ 0xE000EDF0)
T665C 003:860.277   CPU_ReadMem(4 bytes @ 0xE000EDF0)
T665C 003:860.627   CPU_ReadMem(4 bytes @ 0xE000EDF0)
T665C 003:860.940   CPU_ReadMem(4 bytes @ 0xE000EDF0)
T665C 003:861.312   CPU_ReadMem(4 bytes @ 0xE000EDF0)
T665C 003:861.652   CPU_ReadMem(4 bytes @ 0xE000EDF0)
T665C 003:862.002   CPU_ReadMem(4 bytes @ 0xE000EDF0)
T665C 003:862.392   CPU_ReadMem(4 bytes @ 0xE000EDF0)
T665C 003:862.712   CPU_ReadMem(4 bytes @ 0xE000EDF0)
T665C 003:863.027   CPU_ReadMem(4 bytes @ 0xE000EDF0)
T665C 003:863.412   CPU_ReadMem(4 bytes @ 0xE000EDF0)
T665C 003:863.772   CPU_ReadMem(4 bytes @ 0xE000EDF0)
T665C 003:864.163   CPU_ReadMem(4 bytes @ 0xE000EDF0)
T665C 003:864.540   CPU_ReadMem(4 bytes @ 0xE000EDF0)
T665C 003:865.035   CPU_ReadMem(4 bytes @ 0xE000EDF0)
T665C 003:865.404   CPU_ReadMem(4 bytes @ 0xE000EDF0)
T665C 003:865.742   CPU_ReadMem(4 bytes @ 0xE000EDF0)
T665C 003:866.177   CPU_ReadMem(4 bytes @ 0xE000EDF0)
T665C 003:866.596   CPU_ReadMem(4 bytes @ 0xE000EDF0)
T665C 003:867.006   CPU_ReadMem(4 bytes @ 0xE000EDF0)
T665C 003:867.362   CPU_ReadMem(4 bytes @ 0xE000EDF0)
T665C 003:867.777   CPU_ReadMem(4 bytes @ 0xE000EDF0)
T665C 003:868.182   CPU_ReadMem(4 bytes @ 0xE000EDF0)
T665C 003:868.562   CPU_ReadMem(4 bytes @ 0xE000EDF0)
T665C 003:868.984   CPU_ReadMem(4 bytes @ 0xE000EDF0)
T665C 003:869.536   CPU_ReadMem(4 bytes @ 0xE000EDF0)
T665C 003:870.022   CPU_ReadMem(4 bytes @ 0xE000EDF0)
T665C 003:870.501   CPU_ReadMem(4 bytes @ 0xE000EDF0)
T665C 003:871.038   CPU_ReadMem(4 bytes @ 0xE000EDF0)
T665C 003:871.452   CPU_ReadMem(4 bytes @ 0xE000EDF0)
T665C 003:871.799   CPU_ReadMem(4 bytes @ 0xE000EDF0)
T665C 003:872.126   CPU_ReadMem(4 bytes @ 0xE000EDF0)
T665C 003:872.544   CPU_ReadMem(4 bytes @ 0xE000EDF0)
T665C 003:872.954   CPU_ReadMem(4 bytes @ 0xE000EDF0)
T665C 003:873.355   CPU_ReadMem(4 bytes @ 0xE000EDF0)
T665C 003:873.762   CPU_ReadMem(4 bytes @ 0xE000EDF0)
T665C 003:874.138   CPU_ReadMem(4 bytes @ 0xE000EDF0)
T665C 003:874.504   CPU_ReadMem(4 bytes @ 0xE000EDF0)
T665C 003:874.826   CPU_ReadMem(4 bytes @ 0xE000EDF0)
T665C 003:875.274   CPU_ReadMem(4 bytes @ 0xE000EDF0)
T665C 003:875.677   CPU_ReadMem(4 bytes @ 0xE000EDF0)
T665C 003:876.063   CPU_ReadMem(4 bytes @ 0xE000EDF0)
T665C 003:876.449   CPU_ReadMem(4 bytes @ 0xE000EDF0)
T665C 003:876.838   CPU_ReadMem(4 bytes @ 0xE000EDF0)
T665C 003:877.293   CPU_ReadMem(4 bytes @ 0xE000EDF0)
T665C 003:877.733   CPU_ReadMem(4 bytes @ 0xE000EDF0)
T665C 003:878.214   CPU_ReadMem(4 bytes @ 0xE000EDF0)
T665C 003:878.645   CPU_ReadMem(4 bytes @ 0xE000EDF0)
T665C 003:879.096   CPU_ReadMem(4 bytes @ 0xE000EDF0)
T665C 003:879.510   CPU_ReadMem(4 bytes @ 0xE000EDF0)
T665C 003:879.880   CPU_ReadMem(4 bytes @ 0xE000EDF0)
T665C 003:880.236   CPU_ReadMem(4 bytes @ 0xE000EDF0)
T665C 003:880.640   CPU_ReadMem(4 bytes @ 0xE000EDF0)
T665C 003:881.022   CPU_ReadMem(4 bytes @ 0xE000EDF0)
T665C 003:881.468   CPU_ReadMem(4 bytes @ 0xE000EDF0)
T665C 003:881.892   CPU_ReadMem(4 bytes @ 0xE000EDF0)
T665C 003:882.315   CPU_ReadMem(4 bytes @ 0xE000EDF0)
T665C 003:882.813   CPU_ReadMem(4 bytes @ 0xE000EDF0)
T665C 003:883.256   CPU_ReadMem(4 bytes @ 0xE000EDF0)
T665C 003:883.773   CPU_ReadMem(4 bytes @ 0xE000EDF0)
T665C 003:884.183   CPU_ReadMem(4 bytes @ 0xE000EDF0)
T665C 003:884.578   CPU_ReadMem(4 bytes @ 0xE000EDF0)
T665C 003:884.952   CPU_ReadMem(4 bytes @ 0xE000EDF0)
T665C 003:885.370   CPU_ReadMem(4 bytes @ 0xE000EDF0)
T665C 003:885.908   CPU_ReadMem(4 bytes @ 0xE000EDF0)
T665C 003:886.420   CPU_ReadMem(4 bytes @ 0xE000EDF0)
T665C 003:886.911   CPU_ReadMem(4 bytes @ 0xE000EDF0)
T665C 003:887.311   CPU_ReadMem(4 bytes @ 0xE000EDF0)
T665C 003:887.707   CPU_ReadMem(4 bytes @ 0xE000EDF0)
T665C 003:888.126   CPU_ReadMem(4 bytes @ 0xE000EDF0)
T665C 003:888.666   CPU_ReadMem(4 bytes @ 0xE000EDF0)
T665C 003:889.167   CPU_ReadMem(4 bytes @ 0xE000EDF0)
T665C 003:889.542   CPU_ReadMem(4 bytes @ 0xE000EDF0)
T665C 003:889.949   CPU_ReadMem(4 bytes @ 0xE000EDF0)
T665C 003:890.327   CPU_ReadMem(4 bytes @ 0xE000EDF0)
T665C 003:890.702   CPU_ReadMem(4 bytes @ 0xE000EDF0)
T665C 003:891.133   CPU_ReadMem(4 bytes @ 0xE000EDF0)
T665C 003:891.548   CPU_ReadMem(4 bytes @ 0xE000EDF0)
T665C 003:891.960   CPU_ReadMem(4 bytes @ 0xE000EDF0)
T665C 003:892.397   CPU_ReadMem(4 bytes @ 0xE000EDF0)
T665C 003:892.806   CPU_ReadMem(4 bytes @ 0xE000EDF0)
T665C 003:893.163   CPU_ReadMem(4 bytes @ 0xE000EDF0)
T665C 003:893.578   CPU_ReadMem(4 bytes @ 0xE000EDF0)
T665C 003:893.956   CPU_ReadMem(4 bytes @ 0xE000EDF0)
T665C 003:894.350   CPU_ReadMem(4 bytes @ 0xE000EDF0)
T665C 003:894.702   CPU_ReadMem(4 bytes @ 0xE000EDF0)
T665C 003:895.092   CPU_ReadMem(4 bytes @ 0xE000EDF0)
T665C 003:895.556   CPU_ReadMem(4 bytes @ 0xE000EDF0)
T665C 003:895.940   CPU_ReadMem(4 bytes @ 0xE000EDF0)
T665C 003:896.374   CPU_ReadMem(4 bytes @ 0xE000EDF0)
T665C 003:896.775   CPU_ReadMem(4 bytes @ 0xE000EDF0)
T665C 003:897.210   CPU_ReadMem(4 bytes @ 0xE000EDF0)
T665C 003:897.546   CPU_ReadMem(4 bytes @ 0xE000EDF0)
T665C 003:897.861   CPU_ReadMem(4 bytes @ 0xE000EDF0)
T665C 003:898.289   CPU_ReadMem(4 bytes @ 0xE000EDF0)
T665C 003:898.706   CPU_ReadMem(4 bytes @ 0xE000EDF0)
T665C 003:899.114   CPU_ReadMem(4 bytes @ 0xE000EDF0)
T665C 003:899.509   CPU_ReadMem(4 bytes @ 0xE000EDF0)
T665C 003:899.873   CPU_ReadMem(4 bytes @ 0xE000EDF0)
T665C 003:900.219   CPU_ReadMem(4 bytes @ 0xE000EDF0)
T665C 003:900.532   CPU_ReadMem(4 bytes @ 0xE000EDF0)
T665C 003:900.891   CPU_ReadMem(4 bytes @ 0xE000EDF0)
T665C 003:901.306   CPU_ReadMem(4 bytes @ 0xE000EDF0)
T665C 003:901.695   CPU_ReadMem(4 bytes @ 0xE000EDF0)
T665C 003:902.026   CPU_ReadMem(4 bytes @ 0xE000EDF0)
T665C 003:902.488   CPU_ReadMem(4 bytes @ 0xE000EDF0)
T665C 003:902.892   CPU_ReadMem(4 bytes @ 0xE000EDF0)
T665C 003:903.330   CPU_ReadMem(4 bytes @ 0xE000EDF0)
T665C 003:903.768   CPU_ReadMem(4 bytes @ 0xE000EDF0)
T665C 003:904.222   CPU_ReadMem(4 bytes @ 0xE000EDF0)
T665C 003:904.580   CPU_ReadMem(4 bytes @ 0xE000EDF0)
T665C 003:904.998   CPU_ReadMem(4 bytes @ 0xE000EDF0)
T665C 003:905.525   CPU_ReadMem(4 bytes @ 0xE000EDF0)
T665C 003:905.907   CPU_ReadMem(4 bytes @ 0xE000EDF0)
T665C 003:906.295   CPU_ReadMem(4 bytes @ 0xE000EDF0)
T665C 003:906.629   CPU_ReadMem(4 bytes @ 0xE000EDF0)
T665C 003:906.969   CPU_ReadMem(4 bytes @ 0xE000EDF0)
T665C 003:907.300   CPU_ReadMem(4 bytes @ 0xE000EDF0)
T665C 003:907.648   CPU_ReadMem(4 bytes @ 0xE000EDF0)
T665C 003:907.982   CPU_ReadMem(4 bytes @ 0xE000EDF0)
T665C 003:908.402   CPU_ReadMem(4 bytes @ 0xE000EDF0)
T665C 003:908.782   CPU_ReadMem(4 bytes @ 0xE000EDF0)
T665C 003:909.128   CPU_ReadMem(4 bytes @ 0xE000EDF0)
T665C 003:909.649   CPU_ReadMem(4 bytes @ 0xE000EDF0)
T665C 003:910.031   CPU_ReadMem(4 bytes @ 0xE000EDF0)
T665C 003:910.416   CPU_ReadMem(4 bytes @ 0xE000EDF0)
T665C 003:910.818   CPU_ReadMem(4 bytes @ 0xE000EDF0)
T665C 003:911.161   CPU_ReadMem(4 bytes @ 0xE000EDF0)
T665C 003:911.538   CPU_ReadMem(4 bytes @ 0xE000EDF0)
T665C 003:911.931   CPU_ReadMem(4 bytes @ 0xE000EDF0)
T665C 003:912.366   CPU_ReadMem(4 bytes @ 0xE000EDF0)
T665C 003:912.722   CPU_ReadMem(4 bytes @ 0xE000EDF0)
T665C 003:913.122   CPU_ReadMem(4 bytes @ 0xE000EDF0)
T665C 003:913.645   CPU_ReadMem(4 bytes @ 0xE000EDF0)
T665C 003:914.054   CPU_ReadMem(4 bytes @ 0xE000EDF0)
T665C 003:914.441   CPU_ReadMem(4 bytes @ 0xE000EDF0)
T665C 003:914.873   CPU_ReadMem(4 bytes @ 0xE000EDF0)
T665C 003:915.241   CPU_ReadMem(4 bytes @ 0xE000EDF0)
T665C 003:915.632   CPU_ReadMem(4 bytes @ 0xE000EDF0)
T665C 003:915.945   CPU_ReadMem(4 bytes @ 0xE000EDF0)
T665C 003:916.325   CPU_ReadMem(4 bytes @ 0xE000EDF0)
T665C 003:916.697   CPU_ReadMem(4 bytes @ 0xE000EDF0)
T665C 003:917.006   CPU_ReadMem(4 bytes @ 0xE000EDF0)
T665C 003:917.341   CPU_ReadMem(4 bytes @ 0xE000EDF0)
T665C 003:917.775   CPU_ReadMem(4 bytes @ 0xE000EDF0)
T665C 003:918.155   CPU_ReadMem(4 bytes @ 0xE000EDF0)
T665C 003:918.492   CPU_ReadMem(4 bytes @ 0xE000EDF0)
T665C 003:918.903   CPU_ReadMem(4 bytes @ 0xE000EDF0)
T665C 003:919.283   CPU_ReadMem(4 bytes @ 0xE000EDF0)
T665C 003:919.670   CPU_ReadMem(4 bytes @ 0xE000EDF0)
T665C 003:920.107   CPU_ReadMem(4 bytes @ 0xE000EDF0)
T665C 003:920.541   CPU_ReadMem(4 bytes @ 0xE000EDF0)
T665C 003:920.938   CPU_ReadMem(4 bytes @ 0xE000EDF0)
T665C 003:921.384   CPU_ReadMem(4 bytes @ 0xE000EDF0)
T665C 003:921.892   CPU_ReadMem(4 bytes @ 0xE000EDF0)
T665C 003:922.294   CPU_ReadMem(4 bytes @ 0xE000EDF0)
T665C 003:922.762   CPU_ReadMem(4 bytes @ 0xE000EDF0)
T665C 003:923.305   CPU_ReadMem(4 bytes @ 0xE000EDF0)
T665C 003:923.806   CPU_ReadMem(4 bytes @ 0xE000EDF0)
T665C 003:924.296   CPU_ReadMem(4 bytes @ 0xE000EDF0)
T665C 003:924.734   CPU_ReadMem(4 bytes @ 0xE000EDF0)
T665C 003:925.218   CPU_ReadMem(4 bytes @ 0xE000EDF0)
T665C 003:925.686   CPU_ReadMem(4 bytes @ 0xE000EDF0)
T665C 003:926.109   CPU_ReadMem(4 bytes @ 0xE000EDF0)
T665C 003:926.528   CPU_ReadMem(4 bytes @ 0xE000EDF0)
T665C 003:927.023   CPU_ReadMem(4 bytes @ 0xE000EDF0)
T665C 003:927.445   CPU_ReadMem(4 bytes @ 0xE000EDF0)
T665C 003:927.922   CPU_ReadMem(4 bytes @ 0xE000EDF0)
T665C 003:928.404   CPU_ReadMem(4 bytes @ 0xE000EDF0)
T665C 003:928.895   CPU_ReadMem(4 bytes @ 0xE000EDF0)
T665C 003:929.351   CPU_ReadMem(4 bytes @ 0xE000EDF0)
T665C 003:929.693   CPU_ReadMem(4 bytes @ 0xE000EDF0)
T665C 003:930.023   CPU_ReadMem(4 bytes @ 0xE000EDF0)
T665C 003:930.402   CPU_ReadMem(4 bytes @ 0xE000EDF0)
T665C 003:930.754   CPU_ReadMem(4 bytes @ 0xE000EDF0)
T665C 003:931.105   CPU_ReadMem(4 bytes @ 0xE000EDF0)
T665C 003:931.493   CPU_ReadMem(4 bytes @ 0xE000EDF0)
T665C 003:931.922   CPU_ReadMem(4 bytes @ 0xE000EDF0)
T665C 003:932.389   CPU_ReadMem(4 bytes @ 0xE000EDF0)
T665C 003:932.905   CPU_ReadMem(4 bytes @ 0xE000EDF0)
T665C 003:933.359   CPU_ReadMem(4 bytes @ 0xE000EDF0)
T665C 003:933.787   CPU_ReadMem(4 bytes @ 0xE000EDF0)
T665C 003:934.189   CPU_ReadMem(4 bytes @ 0xE000EDF0)
T665C 003:934.634   CPU_ReadMem(4 bytes @ 0xE000EDF0)
T665C 003:935.124   CPU_ReadMem(4 bytes @ 0xE000EDF0)
T665C 003:935.529   CPU_ReadMem(4 bytes @ 0xE000EDF0)
T665C 003:935.894   CPU_ReadMem(4 bytes @ 0xE000EDF0)
T665C 003:936.317   CPU_ReadMem(4 bytes @ 0xE000EDF0)
T665C 003:936.765   CPU_ReadMem(4 bytes @ 0xE000EDF0)
T665C 003:937.144   CPU_ReadMem(4 bytes @ 0xE000EDF0)
T665C 003:937.585   CPU_ReadMem(4 bytes @ 0xE000EDF0)
T665C 003:938.013   CPU_ReadMem(4 bytes @ 0xE000EDF0)
T665C 003:938.415   CPU_ReadMem(4 bytes @ 0xE000EDF0)
T665C 003:938.824   CPU_ReadMem(4 bytes @ 0xE000EDF0)
T665C 003:939.165   CPU_ReadMem(4 bytes @ 0xE000EDF0)
T665C 003:939.587   CPU_ReadMem(4 bytes @ 0xE000EDF0)
T665C 003:940.054   CPU_ReadMem(4 bytes @ 0xE000EDF0)
T665C 003:940.513   CPU_ReadMem(4 bytes @ 0xE000EDF0)
T665C 003:940.900   CPU_ReadMem(4 bytes @ 0xE000EDF0)
T665C 003:941.356   CPU_ReadMem(4 bytes @ 0xE000EDF0)
T665C 003:941.831   CPU_ReadMem(4 bytes @ 0xE000EDF0)
T665C 003:942.248   CPU_ReadMem(4 bytes @ 0xE000EDF0)
T665C 003:942.663   CPU_ReadMem(4 bytes @ 0xE000EDF0)
T665C 003:943.058   CPU_ReadMem(4 bytes @ 0xE000EDF0)
T665C 003:943.528   CPU_ReadMem(4 bytes @ 0xE000EDF0)
T665C 003:944.011   CPU_ReadMem(4 bytes @ 0xE000EDF0)
T665C 003:944.397   CPU_ReadMem(4 bytes @ 0xE000EDF0)
T665C 003:944.813   CPU_ReadMem(4 bytes @ 0xE000EDF0)
T665C 003:945.258   CPU_ReadMem(4 bytes @ 0xE000EDF0)
T665C 003:945.768   CPU_ReadMem(4 bytes @ 0xE000EDF0)
T665C 003:946.147   CPU_ReadMem(4 bytes @ 0xE000EDF0)
T665C 003:946.558   CPU_ReadMem(4 bytes @ 0xE000EDF0)
T665C 003:946.958   CPU_ReadMem(4 bytes @ 0xE000EDF0)
T665C 003:947.340   CPU_ReadMem(4 bytes @ 0xE000EDF0)
T665C 003:947.769   CPU_ReadMem(4 bytes @ 0xE000EDF0)
T665C 003:948.165   CPU_ReadMem(4 bytes @ 0xE000EDF0)
T665C 003:948.601   CPU_ReadMem(4 bytes @ 0xE000EDF0)
T665C 003:948.927   CPU_ReadMem(4 bytes @ 0xE000EDF0)
T665C 003:949.301   CPU_ReadMem(4 bytes @ 0xE000EDF0)
T665C 003:949.675   CPU_ReadMem(4 bytes @ 0xE000EDF0)
T665C 003:950.039   CPU_ReadMem(4 bytes @ 0xE000EDF0)
T665C 003:950.538   CPU_ReadMem(4 bytes @ 0xE000EDF0)
T665C 003:950.932   CPU_ReadMem(4 bytes @ 0xE000EDF0)
T665C 003:951.328   CPU_ReadMem(4 bytes @ 0xE000EDF0)
T665C 003:951.709   CPU_ReadMem(4 bytes @ 0xE000EDF0)
T665C 003:952.084   CPU_ReadMem(4 bytes @ 0xE000EDF0)
T665C 003:952.454   CPU_ReadMem(4 bytes @ 0xE000EDF0)
T665C 003:952.882   CPU_ReadMem(4 bytes @ 0xE000EDF0)
T665C 003:953.252   CPU_ReadMem(4 bytes @ 0xE000EDF0)
T665C 003:953.766   CPU_ReadMem(4 bytes @ 0xE000EDF0)
T665C 003:954.176   CPU_ReadMem(4 bytes @ 0xE000EDF0)
T665C 003:954.545   CPU_ReadMem(4 bytes @ 0xE000EDF0)
T665C 003:954.955   CPU_ReadMem(4 bytes @ 0xE000EDF0)
T665C 003:955.396   CPU_ReadMem(4 bytes @ 0xE000EDF0)
T665C 003:955.814   CPU_ReadMem(4 bytes @ 0xE000EDF0)
T665C 003:956.271   CPU_ReadMem(4 bytes @ 0xE000EDF0)
T665C 003:956.632   CPU_ReadMem(4 bytes @ 0xE000EDF0)
T665C 003:956.950   CPU_ReadMem(4 bytes @ 0xE000EDF0)
T665C 003:957.323   CPU_ReadMem(4 bytes @ 0xE000EDF0)
T665C 003:957.672   CPU_ReadMem(4 bytes @ 0xE000EDF0)
T665C 003:958.004   CPU_ReadMem(4 bytes @ 0xE000EDF0)
T665C 003:958.364   CPU_ReadMem(4 bytes @ 0xE000EDF0)
T665C 003:958.774   CPU_ReadMem(4 bytes @ 0xE000EDF0)
T665C 003:959.128   CPU_ReadMem(4 bytes @ 0xE000EDF0)
T665C 003:959.564   CPU_ReadMem(4 bytes @ 0xE000EDF0)
T665C 003:959.977   CPU_ReadMem(4 bytes @ 0xE000EDF0)
T665C 003:960.410   CPU_ReadMem(4 bytes @ 0xE000EDF0)
T665C 003:960.773   CPU_ReadMem(4 bytes @ 0xE000EDF0)
T665C 003:961.143   CPU_ReadMem(4 bytes @ 0xE000EDF0)
T665C 003:961.508   CPU_ReadMem(4 bytes @ 0xE000EDF0)
T665C 003:961.862   CPU_ReadMem(4 bytes @ 0xE000EDF0)
T665C 003:962.295   CPU_ReadMem(4 bytes @ 0xE000EDF0)
T665C 003:962.627   CPU_ReadMem(4 bytes @ 0xE000EDF0)
T665C 003:962.964   CPU_ReadMem(4 bytes @ 0xE000EDF0)
T665C 003:963.401   CPU_ReadMem(4 bytes @ 0xE000EDF0)
T665C 003:963.776   CPU_ReadMem(4 bytes @ 0xE000EDF0)
T665C 003:964.150   CPU_ReadMem(4 bytes @ 0xE000EDF0)
T665C 003:964.542   CPU_ReadMem(4 bytes @ 0xE000EDF0)
T665C 003:964.881   CPU_ReadMem(4 bytes @ 0xE000EDF0)
T665C 003:965.275   CPU_ReadMem(4 bytes @ 0xE000EDF0)
T665C 003:965.628   CPU_ReadMem(4 bytes @ 0xE000EDF0)
T665C 003:965.940   CPU_ReadMem(4 bytes @ 0xE000EDF0)
T665C 003:966.296   CPU_ReadMem(4 bytes @ 0xE000EDF0)
T665C 003:966.649   CPU_ReadMem(4 bytes @ 0xE000EDF0)
T665C 003:967.073   CPU_ReadMem(4 bytes @ 0xE000EDF0)
T665C 003:967.540   CPU_ReadMem(4 bytes @ 0xE000EDF0)
T665C 003:968.016   CPU_ReadMem(4 bytes @ 0xE000EDF0)
T665C 003:968.430   CPU_ReadMem(4 bytes @ 0xE000EDF0)
T665C 003:968.814   CPU_ReadMem(4 bytes @ 0xE000EDF0)
T665C 003:969.254   CPU_ReadMem(4 bytes @ 0xE000EDF0)
T665C 003:969.779   CPU_ReadMem(4 bytes @ 0xE000EDF0)
T665C 003:970.209   CPU_ReadMem(4 bytes @ 0xE000EDF0)
T665C 003:970.667   CPU_ReadMem(4 bytes @ 0xE000EDF0)
T665C 003:971.129   CPU_ReadMem(4 bytes @ 0xE000EDF0)
T665C 003:971.668   CPU_ReadMem(4 bytes @ 0xE000EDF0)
T665C 003:972.092   CPU_ReadMem(4 bytes @ 0xE000EDF0)
T665C 003:972.526   CPU_ReadMem(4 bytes @ 0xE000EDF0)
T665C 003:972.986   CPU_ReadMem(4 bytes @ 0xE000EDF0)
T665C 003:973.434   CPU_ReadMem(4 bytes @ 0xE000EDF0)
T665C 003:973.914   CPU_ReadMem(4 bytes @ 0xE000EDF0)
T665C 003:974.372   CPU_ReadMem(4 bytes @ 0xE000EDF0)
T665C 003:974.753   CPU_ReadMem(4 bytes @ 0xE000EDF0)
T665C 003:975.192   CPU_ReadMem(4 bytes @ 0xE000EDF0)
T665C 003:975.657   CPU_ReadMem(4 bytes @ 0xE000EDF0)
T665C 003:976.081   CPU_ReadMem(4 bytes @ 0xE000EDF0)
T665C 003:976.502   CPU_ReadMem(4 bytes @ 0xE000EDF0)
T665C 003:976.892   CPU_ReadMem(4 bytes @ 0xE000EDF0)
T665C 003:977.414   CPU_ReadMem(4 bytes @ 0xE000EDF0)
T665C 003:977.818   CPU_ReadMem(4 bytes @ 0xE000EDF0)
T665C 003:978.153   CPU_ReadMem(4 bytes @ 0xE000EDF0)
T665C 003:978.502   CPU_ReadMem(4 bytes @ 0xE000EDF0)
T665C 003:978.818   CPU_ReadMem(4 bytes @ 0xE000EDF0)
T665C 003:979.172   CPU_ReadMem(4 bytes @ 0xE000EDF0)
T665C 003:979.567   CPU_ReadMem(4 bytes @ 0xE000EDF0)
T665C 003:980.022   CPU_ReadMem(4 bytes @ 0xE000EDF0)
T665C 003:980.452   CPU_ReadMem(4 bytes @ 0xE000EDF0)
T665C 003:980.851   CPU_ReadMem(4 bytes @ 0xE000EDF0)
T665C 003:981.245   CPU_ReadMem(4 bytes @ 0xE000EDF0)
T665C 003:981.683   CPU_ReadMem(4 bytes @ 0xE000EDF0)
T665C 003:982.124   CPU_ReadMem(4 bytes @ 0xE000EDF0)
T665C 003:982.533   CPU_ReadMem(4 bytes @ 0xE000EDF0)
T665C 003:982.974   CPU_ReadMem(4 bytes @ 0xE000EDF0)
T665C 003:983.372   CPU_ReadMem(4 bytes @ 0xE000EDF0)
T665C 003:983.898   CPU_ReadMem(4 bytes @ 0xE000EDF0)
T665C 003:984.328   CPU_ReadMem(4 bytes @ 0xE000EDF0)
T665C 003:984.727   CPU_ReadMem(4 bytes @ 0xE000EDF0)
T665C 003:985.084   CPU_ReadMem(4 bytes @ 0xE000EDF0)
T665C 003:985.499   CPU_ReadMem(4 bytes @ 0xE000EDF0)
T665C 003:985.895   CPU_ReadMem(4 bytes @ 0xE000EDF0)
T665C 003:986.370   CPU_ReadMem(4 bytes @ 0xE000EDF0)
T665C 003:986.754   CPU_ReadMem(4 bytes @ 0xE000EDF0)
T665C 003:987.084   CPU_ReadMem(4 bytes @ 0xE000EDF0)
T665C 003:987.553   CPU_ReadMem(4 bytes @ 0xE000EDF0)
T665C 003:987.956   CPU_ReadMem(4 bytes @ 0xE000EDF0)
T665C 003:988.430   CPU_ReadMem(4 bytes @ 0xE000EDF0)
T665C 003:988.874   CPU_ReadMem(4 bytes @ 0xE000EDF0)
T665C 003:989.398   CPU_ReadMem(4 bytes @ 0xE000EDF0)
T665C 003:989.871   CPU_ReadMem(4 bytes @ 0xE000EDF0)
T665C 003:990.296   CPU_ReadMem(4 bytes @ 0xE000EDF0)
T665C 003:990.628   CPU_ReadMem(4 bytes @ 0xE000EDF0)
T665C 003:991.040   CPU_ReadMem(4 bytes @ 0xE000EDF0)
T665C 003:991.472   CPU_ReadMem(4 bytes @ 0xE000EDF0)
T665C 003:991.872   CPU_ReadMem(4 bytes @ 0xE000EDF0)
T665C 003:992.274   CPU_ReadMem(4 bytes @ 0xE000EDF0)
T665C 003:992.642   CPU_ReadMem(4 bytes @ 0xE000EDF0)
T665C 003:993.012   CPU_ReadMem(4 bytes @ 0xE000EDF0)
T665C 003:993.474   CPU_ReadMem(4 bytes @ 0xE000EDF0)
T665C 003:993.876   CPU_ReadMem(4 bytes @ 0xE000EDF0)
T665C 003:994.410   CPU_ReadMem(4 bytes @ 0xE000EDF0)
T665C 003:994.753   CPU_ReadMem(4 bytes @ 0xE000EDF0)
T665C 003:995.091   CPU_ReadMem(4 bytes @ 0xE000EDF0)
T665C 003:995.575   CPU_ReadMem(4 bytes @ 0xE000EDF0)
T665C 003:996.024   CPU_ReadMem(4 bytes @ 0xE000EDF0)
T665C 003:996.450   CPU_ReadMem(4 bytes @ 0xE000EDF0)
T665C 003:996.800   CPU_ReadMem(4 bytes @ 0xE000EDF0)
T665C 003:997.107   CPU_ReadMem(4 bytes @ 0xE000EDF0)
T665C 003:997.532   CPU_ReadMem(4 bytes @ 0xE000EDF0)
T665C 003:997.914   CPU_ReadMem(4 bytes @ 0xE000EDF0)
T665C 003:998.347   CPU_ReadMem(4 bytes @ 0xE000EDF0)
T665C 003:998.674   CPU_ReadMem(4 bytes @ 0xE000EDF0)
T665C 003:999.036   CPU_ReadMem(4 bytes @ 0xE000EDF0)
T665C 003:999.438   CPU_ReadMem(4 bytes @ 0xE000EDF0)
T665C 003:999.886   CPU_ReadMem(4 bytes @ 0xE000EDF0)
T665C 004:000.249   CPU_ReadMem(4 bytes @ 0xE000EDF0)
T665C 004:000.637   CPU_ReadMem(4 bytes @ 0xE000EDF0)
T665C 004:001.001   CPU_ReadMem(4 bytes @ 0xE000EDF0)
T665C 004:001.408   CPU_ReadMem(4 bytes @ 0xE000EDF0)
T665C 004:001.803   CPU_ReadMem(4 bytes @ 0xE000EDF0)
T665C 004:002.149   CPU_ReadMem(4 bytes @ 0xE000EDF0)
T665C 004:002.523   CPU_ReadMem(4 bytes @ 0xE000EDF0)
T665C 004:002.900   CPU_ReadMem(4 bytes @ 0xE000EDF0)
T665C 004:003.344   CPU_ReadMem(4 bytes @ 0xE000EDF0)
T665C 004:003.788   CPU_ReadMem(4 bytes @ 0xE000EDF0)
T665C 004:004.208   CPU_ReadMem(4 bytes @ 0xE000EDF0)
T665C 004:004.646   CPU_ReadMem(4 bytes @ 0xE000EDF0)
T665C 004:005.102   CPU_ReadMem(4 bytes @ 0xE000EDF0)
T665C 004:005.558   CPU_ReadMem(4 bytes @ 0xE000EDF0)
T665C 004:006.016   CPU_ReadMem(4 bytes @ 0xE000EDF0)
T665C 004:006.434   CPU_ReadMem(4 bytes @ 0xE000EDF0)
T665C 004:006.890   CPU_ReadMem(4 bytes @ 0xE000EDF0)
T665C 004:007.277   CPU_ReadMem(4 bytes @ 0xE000EDF0)
T665C 004:007.613   CPU_ReadMem(4 bytes @ 0xE000EDF0)
T665C 004:008.025   CPU_ReadMem(4 bytes @ 0xE000EDF0)
T665C 004:008.428   CPU_ReadMem(4 bytes @ 0xE000EDF0)
T665C 004:008.770   CPU_ReadMem(4 bytes @ 0xE000EDF0)
T665C 004:009.129   CPU_ReadMem(4 bytes @ 0xE000EDF0)
T665C 004:009.499   CPU_ReadMem(4 bytes @ 0xE000EDF0)
T665C 004:009.901   CPU_ReadMem(4 bytes @ 0xE000EDF0)
T665C 004:010.320   CPU_ReadMem(4 bytes @ 0xE000EDF0)
T665C 004:010.774   CPU_ReadMem(4 bytes @ 0xE000EDF0)
T665C 004:011.194   CPU_ReadMem(4 bytes @ 0xE000EDF0)
T665C 004:011.622   CPU_ReadMem(4 bytes @ 0xE000EDF0)
T665C 004:012.144   CPU_ReadMem(4 bytes @ 0xE000EDF0)
T665C 004:012.550   CPU_ReadMem(4 bytes @ 0xE000EDF0)
T665C 004:012.922   CPU_ReadMem(4 bytes @ 0xE000EDF0)
T665C 004:013.394   CPU_ReadMem(4 bytes @ 0xE000EDF0)
T665C 004:013.812   CPU_ReadMem(4 bytes @ 0xE000EDF0)
T665C 004:014.287   CPU_ReadMem(4 bytes @ 0xE000EDF0)
T665C 004:014.659   CPU_ReadMem(4 bytes @ 0xE000EDF0)
T665C 004:015.049   CPU_ReadMem(4 bytes @ 0xE000EDF0)
T665C 004:015.512   CPU_ReadMem(4 bytes @ 0xE000EDF0)
T665C 004:016.012   CPU_ReadMem(4 bytes @ 0xE000EDF0)
T665C 004:016.406   CPU_ReadMem(4 bytes @ 0xE000EDF0)
T665C 004:016.762   CPU_ReadMem(4 bytes @ 0xE000EDF0)
T665C 004:017.257   CPU_ReadMem(4 bytes @ 0xE000EDF0)
T665C 004:017.772   CPU_ReadMem(4 bytes @ 0xE000EDF0)
T665C 004:018.180   CPU_ReadMem(4 bytes @ 0xE000EDF0)
T665C 004:018.652   CPU_ReadMem(4 bytes @ 0xE000EDF0)
T665C 004:019.125   CPU_ReadMem(4 bytes @ 0xE000EDF0)
T665C 004:019.570   CPU_ReadMem(4 bytes @ 0xE000EDF0)
T665C 004:020.001   CPU_ReadMem(4 bytes @ 0xE000EDF0)
T665C 004:020.432   CPU_ReadMem(4 bytes @ 0xE000EDF0)
T665C 004:020.837   CPU_ReadMem(4 bytes @ 0xE000EDF0)
T665C 004:021.285   CPU_ReadMem(4 bytes @ 0xE000EDF0)
T665C 004:021.651   CPU_ReadMem(4 bytes @ 0xE000EDF0)
T665C 004:022.013   CPU_ReadMem(4 bytes @ 0xE000EDF0)
T665C 004:022.548   CPU_ReadMem(4 bytes @ 0xE000EDF0)
T665C 004:022.994   CPU_ReadMem(4 bytes @ 0xE000EDF0)
T665C 004:023.433   CPU_ReadMem(4 bytes @ 0xE000EDF0)
T665C 004:023.791   CPU_ReadMem(4 bytes @ 0xE000EDF0)
T665C 004:024.189   CPU_ReadMem(4 bytes @ 0xE000EDF0)
T665C 004:024.606   CPU_ReadMem(4 bytes @ 0xE000EDF0)
T665C 004:025.140   CPU_ReadMem(4 bytes @ 0xE000EDF0)
T665C 004:025.545   CPU_ReadMem(4 bytes @ 0xE000EDF0)
T665C 004:025.899   CPU_ReadMem(4 bytes @ 0xE000EDF0)
T665C 004:026.304   CPU_ReadMem(4 bytes @ 0xE000EDF0)
T665C 004:026.746   CPU_ReadMem(4 bytes @ 0xE000EDF0)
T665C 004:027.305   CPU_ReadMem(4 bytes @ 0xE000EDF0)
T665C 004:027.723   CPU_ReadMem(4 bytes @ 0xE000EDF0)
T665C 004:028.128   CPU_ReadMem(4 bytes @ 0xE000EDF0)
T665C 004:028.488   CPU_ReadMem(4 bytes @ 0xE000EDF0)
T665C 004:028.899   CPU_ReadMem(4 bytes @ 0xE000EDF0)
T665C 004:029.274   CPU_ReadMem(4 bytes @ 0xE000EDF0)
T665C 004:029.631   CPU_ReadMem(4 bytes @ 0xE000EDF0)
T665C 004:029.941   CPU_ReadMem(4 bytes @ 0xE000EDF0)
T665C 004:030.278   CPU_ReadMem(4 bytes @ 0xE000EDF0)
T665C 004:030.628   CPU_ReadMem(4 bytes @ 0xE000EDF0)
T665C 004:030.940   CPU_ReadMem(4 bytes @ 0xE000EDF0)
T665C 004:031.291   CPU_ReadMem(4 bytes @ 0xE000EDF0)
T665C 004:031.718   CPU_ReadMem(4 bytes @ 0xE000EDF0)
T665C 004:032.050   CPU_ReadMem(4 bytes @ 0xE000EDF0)
T665C 004:032.437   CPU_ReadMem(4 bytes @ 0xE000EDF0)
T665C 004:032.850   CPU_ReadMem(4 bytes @ 0xE000EDF0)
T665C 004:033.244   CPU_ReadMem(4 bytes @ 0xE000EDF0)
T665C 004:033.702   CPU_ReadMem(4 bytes @ 0xE000EDF0)
T665C 004:034.069   CPU_ReadMem(4 bytes @ 0xE000EDF0)
T665C 004:034.504   CPU_ReadMem(4 bytes @ 0xE000EDF0)
T665C 004:034.840   CPU_ReadMem(4 bytes @ 0xE000EDF0)
T665C 004:035.294   CPU_ReadMem(4 bytes @ 0xE000EDF0)
T665C 004:035.650   CPU_ReadMem(4 bytes @ 0xE000EDF0)
T665C 004:036.047   CPU_ReadMem(4 bytes @ 0xE000EDF0)
T665C 004:036.508   CPU_ReadMem(4 bytes @ 0xE000EDF0)
T665C 004:036.946   CPU_ReadMem(4 bytes @ 0xE000EDF0)
T665C 004:037.439   CPU_ReadMem(4 bytes @ 0xE000EDF0)
T665C 004:037.889   CPU_ReadMem(4 bytes @ 0xE000EDF0)
T665C 004:038.426   CPU_ReadMem(4 bytes @ 0xE000EDF0)
T665C 004:038.882   CPU_ReadMem(4 bytes @ 0xE000EDF0)
T665C 004:039.354   CPU_ReadMem(4 bytes @ 0xE000EDF0)
T665C 004:039.846   CPU_ReadMem(4 bytes @ 0xE000EDF0)
T665C 004:040.318   CPU_ReadMem(4 bytes @ 0xE000EDF0)
T665C 004:040.793   CPU_ReadMem(4 bytes @ 0xE000EDF0)
T665C 004:041.227   CPU_ReadMem(4 bytes @ 0xE000EDF0)
T665C 004:041.575   CPU_ReadMem(4 bytes @ 0xE000EDF0)
T665C 004:041.944   CPU_ReadMem(4 bytes @ 0xE000EDF0)
T665C 004:042.388   CPU_ReadMem(4 bytes @ 0xE000EDF0)
T665C 004:042.888   CPU_ReadMem(4 bytes @ 0xE000EDF0)
T665C 004:043.264   CPU_ReadMem(4 bytes @ 0xE000EDF0)
T665C 004:043.656   CPU_ReadMem(4 bytes @ 0xE000EDF0)
T665C 004:044.028   CPU_ReadMem(4 bytes @ 0xE000EDF0)
T665C 004:044.480   CPU_ReadMem(4 bytes @ 0xE000EDF0)
T665C 004:044.894   CPU_ReadMem(4 bytes @ 0xE000EDF0)
T665C 004:045.352   CPU_ReadMem(4 bytes @ 0xE000EDF0)
T665C 004:045.770   CPU_ReadMem(4 bytes @ 0xE000EDF0)
T665C 004:046.212   CPU_ReadMem(4 bytes @ 0xE000EDF0)
T665C 004:046.651   CPU_ReadMem(4 bytes @ 0xE000EDF0)
T665C 004:047.084   CPU_ReadMem(4 bytes @ 0xE000EDF0)
T665C 004:047.544   CPU_ReadMem(4 bytes @ 0xE000EDF0)
T665C 004:048.092   CPU_ReadMem(4 bytes @ 0xE000EDF0)
T665C 004:048.544   CPU_ReadMem(4 bytes @ 0xE000EDF0)
T665C 004:048.956   CPU_ReadMem(4 bytes @ 0xE000EDF0)
T665C 004:049.409   CPU_ReadMem(4 bytes @ 0xE000EDF0)
T665C 004:049.919   CPU_ReadMem(4 bytes @ 0xE000EDF0)
T665C 004:050.492   CPU_ReadMem(4 bytes @ 0xE000EDF0)
T665C 004:050.964   CPU_ReadMem(4 bytes @ 0xE000EDF0)
T665C 004:051.530   CPU_ReadMem(4 bytes @ 0xE000EDF0)
T665C 004:052.060   CPU_ReadMem(4 bytes @ 0xE000EDF0)
T665C 004:052.507   CPU_ReadMem(4 bytes @ 0xE000EDF0)
T665C 004:052.913   CPU_ReadMem(4 bytes @ 0xE000EDF0)
T665C 004:053.363   CPU_ReadMem(4 bytes @ 0xE000EDF0)
T665C 004:053.794   CPU_ReadMem(4 bytes @ 0xE000EDF0)
T665C 004:054.215   CPU_ReadMem(4 bytes @ 0xE000EDF0)
T665C 004:054.672   CPU_ReadMem(4 bytes @ 0xE000EDF0)
T665C 004:055.143   CPU_ReadMem(4 bytes @ 0xE000EDF0)
T665C 004:055.671   CPU_ReadMem(4 bytes @ 0xE000EDF0)
T665C 004:056.171   CPU_ReadMem(4 bytes @ 0xE000EDF0)
T665C 004:056.604   CPU_ReadMem(4 bytes @ 0xE000EDF0)
T665C 004:056.986   CPU_ReadMem(4 bytes @ 0xE000EDF0)
T665C 004:057.528   CPU_ReadMem(4 bytes @ 0xE000EDF0)
T665C 004:058.022   CPU_ReadMem(4 bytes @ 0xE000EDF0)
T665C 004:058.441   CPU_ReadMem(4 bytes @ 0xE000EDF0)
T665C 004:058.856   CPU_ReadMem(4 bytes @ 0xE000EDF0)
T665C 004:059.321   CPU_ReadMem(4 bytes @ 0xE000EDF0)
T665C 004:059.763   CPU_ReadMem(4 bytes @ 0xE000EDF0)
T665C 004:060.179   CPU_ReadMem(4 bytes @ 0xE000EDF0)
T665C 004:060.670   CPU_ReadMem(4 bytes @ 0xE000EDF0)
T665C 004:061.123   CPU_ReadMem(4 bytes @ 0xE000EDF0)
T665C 004:061.546   CPU_ReadMem(4 bytes @ 0xE000EDF0)
T665C 004:061.958   CPU_ReadMem(4 bytes @ 0xE000EDF0)
T665C 004:062.406   CPU_ReadMem(4 bytes @ 0xE000EDF0)
T665C 004:062.795   CPU_ReadMem(4 bytes @ 0xE000EDF0)
T665C 004:063.271   CPU_ReadMem(4 bytes @ 0xE000EDF0)
T665C 004:063.698   CPU_ReadMem(4 bytes @ 0xE000EDF0)
T665C 004:064.154   CPU_ReadMem(4 bytes @ 0xE000EDF0)
T665C 004:064.585   CPU_ReadMem(4 bytes @ 0xE000EDF0)
T665C 004:065.067   CPU_ReadMem(4 bytes @ 0xE000EDF0)
T665C 004:065.542   CPU_ReadMem(4 bytes @ 0xE000EDF0)
T665C 004:066.042   CPU_ReadMem(4 bytes @ 0xE000EDF0)
T665C 004:066.550   CPU_ReadMem(4 bytes @ 0xE000EDF0)
T665C 004:066.990   CPU_ReadMem(4 bytes @ 0xE000EDF0)
T665C 004:067.469   Reset: S_RESET_ST never gets cleared. CPU seems to be kept in reset forever.
T665C 004:067.557   
  ***** Error: 
T665C 004:067.608   J-Link script file function ResetTarget() returned with error code -1
T665C 004:067.658   ResetTarget() end - Took 307ms
T665C 004:067.707   Device specific reset executed.
T665C 004:068.406   
  ***** Error: 
T665C 004:068.480   ResetTarget failed (-1).
T665C 004:068.872   CPU is running
T665C 004:068.959   CPU_WriteMem(4 bytes @ 0xE0002000)
T665C 004:069.495   CPU_ReadMem(4 bytes @ 0xE000EDFC)
T665C 004:069.888   CPU_ReadMem(4 bytes @ 0xE0001000)
T665C 004:070.297   CPU_ReadMem(4 bytes @ 0xE000EE08)
T665C 004:074.244   
  ***** Warning: 
T665C 004:074.360   CPU could not be halted
T665C 004:074.409   
  ***** Error: 
T665C 004:074.455   Failed to halt CPU.
T665C 004:074.503 - 314.651ms 
T665C 004:074.640 JLINK_ReadMem(0xE000EDF0, 0x4 Bytes, ...)
T665C 004:074.771   CPU_ReadMem(4 bytes @ 0xE000EDF0)
T665C 004:075.330   Data:  01 00 10 02
T665C 004:075.404   Debug reg: DHCSR
T665C 004:075.449 - 0.809ms returns 0
T665C 004:075.512 JLINK_ReadMem(0x010080F0, 0x10 Bytes, ...)
T665C 004:075.552   CPU_ReadMem(16 bytes @ 0x010080F0)
T665C 004:076.004   Data:  00 00 00 00 00 00 00 00 00 00 00 00 00 00 00 00
T665C 004:076.127 - 0.614ms returns 0
T665C 006:045.641 JLINK_Close()
T665C 006:061.824 - 16.182ms
T665C 006:061.925   
T665C 006:061.945   Closed
